{"level":"info","message":"Server running on port 3000","timestamp":"2024-07-22T20:04:55.823Z"}
{"level":"info","message":"New WebSocket connection","timestamp":"2024-07-22T20:04:59.399Z"}
{"level":"info","message":"New WebSocket connection","timestamp":"2024-07-22T20:05:00.429Z"}
{"level":"info","message":"New WebSocket connection","timestamp":"2024-07-22T20:05:00.430Z"}
{"level":"info","message":"New WebSocket connection","timestamp":"2024-07-22T20:05:00.433Z"}
{"level":"info","message":"User disconnected","timestamp":"2024-07-22T20:05:10.403Z"}
{"level":"info","message":"User disconnected","timestamp":"2024-07-22T20:05:12.614Z"}
{"level":"info","message":"New WebSocket connection","timestamp":"2024-07-22T20:05:12.685Z"}
{"level":"info","message":"User joined chat","timestamp":"2024-07-22T20:05:12.689Z","userId":1,"username":"manavmaj2001@gmail.com"}
{"level":"info","message":"Messages marked as read","timestamp":"2024-07-22T20:05:12.804Z","userId":1}
{"level":"info","message":"Chat message sent","timestamp":"2024-07-22T20:05:15.145Z","userId":1,"username":"manavmaj2001@gmail.com"}
{"level":"info","message":"Chat message sent","timestamp":"2024-07-22T20:05:16.806Z","userId":1,"username":"manavmaj2001@gmail.com"}
{"level":"info","message":"Chat message sent","timestamp":"2024-07-22T20:05:20.018Z","userId":1,"username":"manavmaj2001@gmail.com"}
{"level":"info","message":"Chat message sent","timestamp":"2024-07-22T20:05:22.167Z","userId":1,"username":"manavmaj2001@gmail.com"}
{"level":"info","message":"New WebSocket connection","timestamp":"2024-07-22T20:05:26.801Z"}
{"level":"info","message":"User joined chat","timestamp":"2024-07-22T20:05:26.806Z","userId":1,"username":"manavmaj2001@gmail.com"}
{"level":"info","message":"Messages marked as read","timestamp":"2024-07-22T20:05:26.916Z","userId":1}
{"level":"info","message":"Chat message sent","timestamp":"2024-07-22T20:05:30.608Z","userId":1,"username":"manavmaj2001@gmail.com"}
{"level":"info","message":"User disconnected","timestamp":"2024-07-22T20:05:36.276Z"}
{"level":"info","message":"New WebSocket connection","timestamp":"2024-07-22T20:05:36.285Z"}
{"level":"info","message":"Staff joined chat","timestamp":"2024-07-22T20:05:36.287Z"}
{"level":"info","message":"Chat message sent","timestamp":"2024-07-22T20:05:40.941Z","userId":1,"username":"manavmaj2001@gmail.com"}
{"level":"info","message":"Staff response sent","timestamp":"2024-07-22T20:05:43.845Z","userId":1}
{"level":"info","message":"Staff response sent","timestamp":"2024-07-22T20:05:49.970Z","userId":1}
{"level":"info","message":"Staff response sent","timestamp":"2024-07-22T20:05:59.630Z","userId":1}
{"level":"info","message":"Server running on port 3000","timestamp":"2024-07-22T20:24:22.610Z"}
{"level":"info","message":"New WebSocket connection","timestamp":"2024-07-22T20:24:22.695Z"}
{"level":"info","message":"New WebSocket connection","timestamp":"2024-07-22T20:24:22.697Z"}
{"level":"info","message":"New WebSocket connection","timestamp":"2024-07-22T20:24:23.421Z"}
{"level":"info","message":"New WebSocket connection","timestamp":"2024-07-22T20:24:23.423Z"}
{"level":"info","message":"User disconnected","timestamp":"2024-07-22T20:24:25.346Z"}
{"level":"info","message":"New WebSocket connection","timestamp":"2024-07-22T20:24:25.359Z"}
{"level":"info","message":"User joined chat","timestamp":"2024-07-22T20:24:25.365Z","userId":1,"username":"manavmaj2001@gmail.com"}
{"level":"info","message":"Messages marked as read","timestamp":"2024-07-22T20:24:25.476Z","userId":1}
{"level":"info","message":"User disconnected","timestamp":"2024-07-22T20:24:28.553Z"}
{"level":"info","message":"New WebSocket connection","timestamp":"2024-07-22T20:24:28.567Z"}
{"level":"info","message":"Staff joined chat","timestamp":"2024-07-22T20:24:28.570Z"}
{"level":"info","message":"Staff response sent","timestamp":"2024-07-22T20:24:33.966Z","userId":1}
{"level":"info","message":"New WebSocket connection","timestamp":"2024-07-22T20:24:42.963Z"}
{"level":"info","message":"Staff joined chat","timestamp":"2024-07-22T20:24:42.971Z"}
{"level":"info","message":"User disconnected","timestamp":"2024-07-22T20:24:53.410Z"}
{"level":"info","message":"User disconnected","timestamp":"2024-07-22T20:24:56.951Z"}
{"level":"info","message":"New WebSocket connection","timestamp":"2024-07-22T20:24:56.961Z"}
{"level":"info","message":"Staff joined chat","timestamp":"2024-07-22T20:24:56.963Z"}
{"level":"info","message":"User disconnected","timestamp":"2024-07-22T20:25:22.556Z"}
{"level":"info","message":"New WebSocket connection","timestamp":"2024-07-22T20:25:22.566Z"}
{"level":"info","message":"Staff joined chat","timestamp":"2024-07-22T20:25:22.568Z"}
{"level":"info","message":"User disconnected","timestamp":"2024-07-22T20:25:23.715Z"}
{"level":"info","message":"New WebSocket connection","timestamp":"2024-07-22T20:25:23.761Z"}
{"level":"info","message":"Staff joined chat","timestamp":"2024-07-22T20:25:23.764Z"}
{"level":"info","message":"User disconnected","timestamp":"2024-07-22T20:25:23.887Z"}
{"level":"info","message":"New WebSocket connection","timestamp":"2024-07-22T20:25:23.911Z"}
{"level":"info","message":"Staff joined chat","timestamp":"2024-07-22T20:25:23.914Z"}
{"level":"info","message":"User disconnected","timestamp":"2024-07-22T20:25:24.035Z"}
{"level":"info","message":"New WebSocket connection","timestamp":"2024-07-22T20:25:24.056Z"}
{"level":"info","message":"Staff joined chat","timestamp":"2024-07-22T20:25:24.057Z"}
{"level":"info","message":"User disconnected","timestamp":"2024-07-22T20:25:24.202Z"}
{"level":"info","message":"New WebSocket connection","timestamp":"2024-07-22T20:25:24.223Z"}
{"level":"info","message":"Staff joined chat","timestamp":"2024-07-22T20:25:24.226Z"}
{"level":"info","message":"User disconnected","timestamp":"2024-07-22T20:25:28.237Z"}
{"level":"info","message":"User logged in","timestamp":"2024-07-22T20:25:35.927Z","userId":1,"username":"manavmaj2001@gmail.com"}
{"level":"info","message":"New WebSocket connection","timestamp":"2024-07-22T20:25:35.959Z"}
{"level":"info","message":"User joined chat","timestamp":"2024-07-22T20:25:35.964Z","userId":1,"username":"manavmaj2001@gmail.com"}
{"level":"info","message":"Messages marked as read","timestamp":"2024-07-22T20:25:36.077Z","userId":1}
{"level":"info","message":"User disconnected","timestamp":"2024-07-22T20:25:38.354Z"}
{"level":"info","message":"New WebSocket connection","timestamp":"2024-07-22T20:25:38.363Z"}
{"level":"info","message":"Staff joined chat","timestamp":"2024-07-22T20:25:38.365Z"}
{"level":"info","message":"Chat message sent","timestamp":"2024-07-22T20:25:40.651Z","userId":1,"username":"manavmaj2001@gmail.com"}
{"level":"info","message":"Staff response sent","timestamp":"2024-07-22T20:25:47.893Z","userId":1}
{"level":"info","message":"Staff response sent","timestamp":"2024-07-22T20:25:51.921Z","userId":1}
{"error":{"expiredAt":"2024-07-22T21:25:35.000Z","message":"jwt expired","name":"TokenExpiredError"},"level":"error","message":"Invalid token","timestamp":"2024-07-22T21:26:05.427Z"}
{"error":{"expiredAt":"2024-07-22T21:25:35.000Z","message":"jwt expired","name":"TokenExpiredError"},"level":"error","message":"Invalid token","timestamp":"2024-07-22T21:27:05.420Z"}
{"error":{"expiredAt":"2024-07-22T21:25:35.000Z","message":"jwt expired","name":"TokenExpiredError"},"level":"error","message":"Invalid token","timestamp":"2024-07-22T21:28:05.424Z"}
{"error":{"expiredAt":"2024-07-22T21:25:35.000Z","message":"jwt expired","name":"TokenExpiredError"},"level":"error","message":"Invalid token","timestamp":"2024-07-22T21:29:05.426Z"}
{"error":{"expiredAt":"2024-07-22T21:25:35.000Z","message":"jwt expired","name":"TokenExpiredError"},"level":"error","message":"Invalid token","timestamp":"2024-07-22T21:30:05.421Z"}
{"error":{"expiredAt":"2024-07-22T21:25:35.000Z","message":"jwt expired","name":"TokenExpiredError"},"level":"error","message":"Invalid token","timestamp":"2024-07-22T21:31:05.425Z"}
{"error":{"expiredAt":"2024-07-22T21:25:35.000Z","message":"jwt expired","name":"TokenExpiredError"},"level":"error","message":"Invalid token","timestamp":"2024-07-22T21:32:05.424Z"}
{"error":{"expiredAt":"2024-07-22T21:25:35.000Z","message":"jwt expired","name":"TokenExpiredError"},"level":"error","message":"Invalid token","timestamp":"2024-07-22T21:33:05.417Z"}
{"error":{"expiredAt":"2024-07-22T21:25:35.000Z","message":"jwt expired","name":"TokenExpiredError"},"level":"error","message":"Invalid token","timestamp":"2024-07-22T21:34:05.415Z"}
{"error":{"expiredAt":"2024-07-22T21:25:35.000Z","message":"jwt expired","name":"TokenExpiredError"},"level":"error","message":"Invalid token","timestamp":"2024-07-22T21:35:05.425Z"}
{"error":{"expiredAt":"2024-07-22T21:25:35.000Z","message":"jwt expired","name":"TokenExpiredError"},"level":"error","message":"Invalid token","timestamp":"2024-07-22T21:36:05.424Z"}
{"error":{"expiredAt":"2024-07-22T21:25:35.000Z","message":"jwt expired","name":"TokenExpiredError"},"level":"error","message":"Invalid token","timestamp":"2024-07-22T21:37:05.424Z"}
{"error":{"expiredAt":"2024-07-22T21:25:35.000Z","message":"jwt expired","name":"TokenExpiredError"},"level":"error","message":"Invalid token","timestamp":"2024-07-22T21:38:05.428Z"}
{"error":{"expiredAt":"2024-07-22T21:25:35.000Z","message":"jwt expired","name":"TokenExpiredError"},"level":"error","message":"Invalid token","timestamp":"2024-07-22T21:39:05.427Z"}
{"error":{"expiredAt":"2024-07-22T21:25:35.000Z","message":"jwt expired","name":"TokenExpiredError"},"level":"error","message":"Invalid token","timestamp":"2024-07-22T21:40:05.418Z"}
{"error":{"expiredAt":"2024-07-22T21:25:35.000Z","message":"jwt expired","name":"TokenExpiredError"},"level":"error","message":"Invalid token","timestamp":"2024-07-22T21:41:05.425Z"}
{"error":{"expiredAt":"2024-07-22T21:25:35.000Z","message":"jwt expired","name":"TokenExpiredError"},"level":"error","message":"Invalid token","timestamp":"2024-07-22T21:42:05.423Z"}
{"error":{"expiredAt":"2024-07-22T21:25:35.000Z","message":"jwt expired","name":"TokenExpiredError"},"level":"error","message":"Invalid token","timestamp":"2024-07-22T21:43:05.423Z"}
{"error":{"expiredAt":"2024-07-22T21:25:35.000Z","message":"jwt expired","name":"TokenExpiredError"},"level":"error","message":"Invalid token","timestamp":"2024-07-22T21:44:05.414Z"}
{"error":{"expiredAt":"2024-07-22T21:25:35.000Z","message":"jwt expired","name":"TokenExpiredError"},"level":"error","message":"Invalid token","timestamp":"2024-07-22T21:44:11.790Z"}
{"error":{"expiredAt":"2024-07-22T21:25:35.000Z","message":"jwt expired","name":"TokenExpiredError"},"level":"error","message":"Invalid token","timestamp":"2024-07-22T21:44:38.376Z"}
{"level":"info","message":"Server running on port 3000","timestamp":"2024-07-22T21:44:58.130Z"}
{"level":"info","message":"New WebSocket connection","timestamp":"2024-07-22T21:44:58.433Z"}
{"level":"info","message":"New WebSocket connection","timestamp":"2024-07-22T21:44:58.435Z"}
{"level":"info","message":"New WebSocket connection","timestamp":"2024-07-22T21:44:58.438Z"}
{"level":"info","message":"New WebSocket connection","timestamp":"2024-07-22T21:44:59.423Z"}
{"level":"info","message":"User disconnected","timestamp":"2024-07-22T21:45:01.488Z"}
{"error":{"expiredAt":"2024-07-22T21:25:35.000Z","message":"jwt expired","name":"TokenExpiredError"},"level":"error","message":"Invalid token","timestamp":"2024-07-22T21:45:01.500Z"}
{"level":"info","message":"New WebSocket connection","timestamp":"2024-07-22T21:45:01.502Z"}
{"error":{"expiredAt":"2024-07-22T21:25:35.000Z","message":"jwt expired","name":"TokenExpiredError"},"level":"error","message":"Invalid token","timestamp":"2024-07-22T21:45:01.504Z"}
{"level":"info","message":"User joined chat","timestamp":"2024-07-22T21:45:01.506Z","userId":1,"username":"manavmaj2001@gmail.com"}
{"level":"info","message":"Chat message sent","timestamp":"2024-07-22T21:45:05.620Z","userId":1,"username":"manavmaj2001@gmail.com"}
{"error":{"expiredAt":"2024-07-22T21:25:35.000Z","message":"jwt expired","name":"TokenExpiredError"},"level":"error","message":"Invalid token","timestamp":"2024-07-22T21:45:08.367Z"}
{"level":"info","message":"User disconnected","timestamp":"2024-07-22T21:45:10.414Z"}
{"error":{"expiredAt":"2024-07-22T21:25:35.000Z","message":"jwt expired","name":"TokenExpiredError"},"level":"error","message":"Invalid token","timestamp":"2024-07-22T21:45:10.426Z"}
{"level":"info","message":"New WebSocket connection","timestamp":"2024-07-22T21:45:10.430Z"}
{"level":"info","message":"Staff joined chat","timestamp":"2024-07-22T21:45:10.432Z"}
{"level":"info","message":"Chat message sent","timestamp":"2024-07-22T21:45:16.956Z","userId":1,"username":"manavmaj2001@gmail.com"}
{"error":{"expiredAt":"2024-07-22T21:25:35.000Z","message":"jwt expired","name":"TokenExpiredError"},"level":"error","message":"Invalid token","timestamp":"2024-07-22T21:45:16.960Z"}
{"level":"info","message":"User disconnected","timestamp":"2024-07-22T21:45:19.036Z"}
{"error":{"expiredAt":"2024-07-22T21:25:35.000Z","message":"jwt expired","name":"TokenExpiredError"},"level":"error","message":"Invalid token","timestamp":"2024-07-22T21:45:19.045Z"}
{"level":"info","message":"New WebSocket connection","timestamp":"2024-07-22T21:45:19.048Z"}
{"level":"info","message":"Staff joined chat","timestamp":"2024-07-22T21:45:19.052Z"}
{"level":"info","message":"Server running on port 3000","timestamp":"2024-07-22T21:45:22.309Z"}
{"level":"info","message":"New WebSocket connection","timestamp":"2024-07-22T21:45:22.424Z"}
{"level":"info","message":"New WebSocket connection","timestamp":"2024-07-22T21:45:22.427Z"}
{"level":"info","message":"New WebSocket connection","timestamp":"2024-07-22T21:45:22.428Z"}
{"level":"info","message":"New WebSocket connection","timestamp":"2024-07-22T21:45:22.494Z"}
{"level":"info","message":"User disconnected","timestamp":"2024-07-22T21:45:23.932Z"}
{"error":{"expiredAt":"2024-07-22T21:25:35.000Z","message":"jwt expired","name":"TokenExpiredError"},"level":"error","message":"Invalid token","timestamp":"2024-07-22T21:45:23.978Z"}
{"level":"info","message":"New WebSocket connection","timestamp":"2024-07-22T21:45:23.980Z"}
{"level":"info","message":"Staff joined chat","timestamp":"2024-07-22T21:45:23.984Z"}
{"level":"info","message":"User disconnected","timestamp":"2024-07-22T21:45:24.119Z"}
{"error":{"expiredAt":"2024-07-22T21:25:35.000Z","message":"jwt expired","name":"TokenExpiredError"},"level":"error","message":"Invalid token","timestamp":"2024-07-22T21:45:24.138Z"}
{"level":"info","message":"New WebSocket connection","timestamp":"2024-07-22T21:45:24.139Z"}
{"level":"info","message":"Staff joined chat","timestamp":"2024-07-22T21:45:24.144Z"}
{"level":"info","message":"User disconnected","timestamp":"2024-07-22T21:45:44.076Z"}
{"level":"info","message":"User registered","timestamp":"2024-07-22T21:45:50.239Z","userId":1,"username":"manavmaj2001@gmail.com"}
{"level":"info","message":"User logged in","timestamp":"2024-07-22T21:45:52.559Z","userId":1,"username":"manavmaj2001@gmail.com"}
{"level":"info","message":"New WebSocket connection","timestamp":"2024-07-22T21:45:52.588Z"}
{"level":"info","message":"User joined chat","timestamp":"2024-07-22T21:45:52.594Z","userId":1,"username":"manavmaj2001@gmail.com"}
{"level":"info","message":"Chat message sent","timestamp":"2024-07-22T21:45:54.147Z","userId":1,"username":"manavmaj2001@gmail.com"}
{"level":"info","message":"User disconnected","timestamp":"2024-07-22T21:45:57.704Z"}
{"level":"info","message":"New WebSocket connection","timestamp":"2024-07-22T21:45:57.716Z"}
{"level":"info","message":"Staff joined chat","timestamp":"2024-07-22T21:45:57.718Z"}
{"level":"info","message":"Messages marked as read","timestamp":"2024-07-22T21:45:59.319Z","userId":1}
{"level":"info","message":"Staff response sent","timestamp":"2024-07-22T21:46:04.729Z","userId":1}
{"level":"info","message":"New WebSocket connection","timestamp":"2024-07-22T21:46:08.703Z"}
{"level":"info","message":"Staff joined chat","timestamp":"2024-07-22T21:46:08.711Z"}
{"level":"info","message":"Messages marked as read","timestamp":"2024-07-22T21:46:11.984Z","userId":1}
{"level":"info","message":"Messages marked as read","timestamp":"2024-07-22T21:46:13.802Z","userId":1}
{"level":"info","message":"Messages marked as read","timestamp":"2024-07-22T21:46:14.766Z","userId":1}
{"level":"info","message":"Messages marked as read","timestamp":"2024-07-22T21:46:15.707Z","userId":1}
{"level":"info","message":"Messages marked as read","timestamp":"2024-07-22T21:46:16.473Z","userId":1}
{"level":"info","message":"Staff response sent","timestamp":"2024-07-22T21:46:25.350Z","userId":1}
{"level":"info","message":"Staff response sent","timestamp":"2024-07-22T21:46:34.930Z","userId":1}
{"level":"info","message":"Staff response sent","timestamp":"2024-07-22T21:46:35.189Z","userId":1}
{"level":"info","message":"Staff response sent","timestamp":"2024-07-22T21:46:35.398Z","userId":1}
{"level":"info","message":"Staff response sent","timestamp":"2024-07-22T21:46:35.587Z","userId":1}
{"level":"info","message":"Staff response sent","timestamp":"2024-07-22T21:46:35.765Z","userId":1}
{"level":"info","message":"Staff response sent","timestamp":"2024-07-22T21:46:35.941Z","userId":1}
{"level":"info","message":"Staff response sent","timestamp":"2024-07-22T21:46:36.129Z","userId":1}
{"level":"info","message":"Staff response sent","timestamp":"2024-07-22T21:46:36.310Z","userId":1}
{"level":"info","message":"Staff response sent","timestamp":"2024-07-22T21:46:36.481Z","userId":1}
{"level":"info","message":"Staff response sent","timestamp":"2024-07-22T21:46:36.652Z","userId":1}
{"level":"info","message":"Staff response sent","timestamp":"2024-07-22T21:46:36.828Z","userId":1}
{"level":"info","message":"Staff response sent","timestamp":"2024-07-22T21:46:37.004Z","userId":1}
{"level":"info","message":"Staff response sent","timestamp":"2024-07-22T21:46:37.180Z","userId":1}
{"level":"info","message":"Staff response sent","timestamp":"2024-07-22T21:46:37.351Z","userId":1}
{"level":"info","message":"Staff response sent","timestamp":"2024-07-22T21:46:37.525Z","userId":1}
{"level":"info","message":"Staff response sent","timestamp":"2024-07-22T21:46:37.697Z","userId":1}
{"level":"info","message":"Staff response sent","timestamp":"2024-07-22T21:46:37.864Z","userId":1}
{"level":"info","message":"Staff response sent","timestamp":"2024-07-22T21:46:38.044Z","userId":1}
{"level":"info","message":"Staff response sent","timestamp":"2024-07-22T21:46:38.230Z","userId":1}
{"level":"info","message":"Staff response sent","timestamp":"2024-07-22T21:46:38.420Z","userId":1}
{"level":"info","message":"Staff response sent","timestamp":"2024-07-22T21:46:38.610Z","userId":1}
{"level":"info","message":"Staff response sent","timestamp":"2024-07-22T21:46:38.792Z","userId":1}
{"level":"info","message":"Staff response sent","timestamp":"2024-07-22T21:46:38.975Z","userId":1}
{"level":"info","message":"Staff response sent","timestamp":"2024-07-22T21:46:39.159Z","userId":1}
{"level":"info","message":"Staff response sent","timestamp":"2024-07-22T21:46:39.344Z","userId":1}
{"level":"info","message":"Staff response sent","timestamp":"2024-07-22T21:46:39.535Z","userId":1}
{"level":"info","message":"Staff response sent","timestamp":"2024-07-22T21:46:40.109Z","userId":1}
{"level":"info","message":"Staff response sent","timestamp":"2024-07-22T21:46:40.310Z","userId":1}
{"level":"info","message":"Staff response sent","timestamp":"2024-07-22T21:46:40.511Z","userId":1}
{"level":"info","message":"Staff response sent","timestamp":"2024-07-22T21:46:40.707Z","userId":1}
{"level":"info","message":"Staff response sent","timestamp":"2024-07-22T21:46:40.864Z","userId":1}
{"level":"info","message":"Staff response sent","timestamp":"2024-07-22T21:46:41.036Z","userId":1}
{"level":"info","message":"Staff response sent","timestamp":"2024-07-22T21:46:41.206Z","userId":1}
{"level":"info","message":"Staff response sent","timestamp":"2024-07-22T21:46:41.401Z","userId":1}
{"level":"info","message":"Staff response sent","timestamp":"2024-07-22T21:46:41.578Z","userId":1}
{"level":"info","message":"Staff response sent","timestamp":"2024-07-22T21:46:41.741Z","userId":1}
{"level":"info","message":"Staff response sent","timestamp":"2024-07-22T21:46:41.931Z","userId":1}
{"level":"info","message":"Messages marked as read","timestamp":"2024-07-22T21:46:43.384Z","userId":1}
{"level":"info","message":"User disconnected","timestamp":"2024-07-22T21:46:51.489Z"}
{"level":"info","message":"Messages marked as read","timestamp":"2024-07-22T21:46:57.421Z","userId":1}
{"level":"info","message":"User disconnected","timestamp":"2024-07-22T21:46:58.361Z"}
{"level":"info","message":"New WebSocket connection","timestamp":"2024-07-22T21:46:58.372Z"}
{"level":"info","message":"Staff joined chat","timestamp":"2024-07-22T21:46:58.374Z"}
{"level":"info","message":"Messages marked as read","timestamp":"2024-07-22T21:46:58.889Z","userId":1}
{"level":"info","message":"User disconnected","timestamp":"2024-07-22T21:47:00.662Z"}
{"level":"info","message":"New WebSocket connection","timestamp":"2024-07-22T21:47:00.721Z"}
{"level":"info","message":"Staff joined chat","timestamp":"2024-07-22T21:47:00.723Z"}
{"level":"info","message":"Messages marked as read","timestamp":"2024-07-22T21:47:01.161Z","userId":1}
{"level":"info","message":"Staff response sent","timestamp":"2024-07-22T21:47:02.766Z","userId":1}
{"level":"info","message":"Chat message sent","timestamp":"2024-07-22T21:47:09.989Z","userId":1,"username":"manavmaj2001@gmail.com"}
{"error":{"expiredAt":"2024-07-22T22:45:52.000Z","message":"jwt expired","name":"TokenExpiredError"},"level":"error","message":"Invalid token","timestamp":"2024-07-22T22:46:05.419Z"}
{"error":{"expiredAt":"2024-07-22T22:45:52.000Z","message":"jwt expired","name":"TokenExpiredError"},"level":"error","message":"Invalid token","timestamp":"2024-07-22T22:47:05.414Z"}
{"error":{"expiredAt":"2024-07-22T22:45:52.000Z","message":"jwt expired","name":"TokenExpiredError"},"level":"error","message":"Invalid token","timestamp":"2024-07-22T22:48:05.416Z"}
{"error":{"expiredAt":"2024-07-22T22:45:52.000Z","message":"jwt expired","name":"TokenExpiredError"},"level":"error","message":"Invalid token","timestamp":"2024-07-22T22:49:05.431Z"}
{"error":{"expiredAt":"2024-07-22T22:45:52.000Z","message":"jwt expired","name":"TokenExpiredError"},"level":"error","message":"Invalid token","timestamp":"2024-07-22T22:50:05.417Z"}
{"error":{"expiredAt":"2024-07-22T22:45:52.000Z","message":"jwt expired","name":"TokenExpiredError"},"level":"error","message":"Invalid token","timestamp":"2024-07-22T22:51:05.416Z"}
{"error":{"expiredAt":"2024-07-22T22:45:52.000Z","message":"jwt expired","name":"TokenExpiredError"},"level":"error","message":"Invalid token","timestamp":"2024-07-22T22:52:05.417Z"}
{"error":{"expiredAt":"2024-07-22T22:45:52.000Z","message":"jwt expired","name":"TokenExpiredError"},"level":"error","message":"Invalid token","timestamp":"2024-07-22T22:53:05.412Z"}
{"error":{"expiredAt":"2024-07-22T22:45:52.000Z","message":"jwt expired","name":"TokenExpiredError"},"level":"error","message":"Invalid token","timestamp":"2024-07-22T22:54:05.426Z"}
{"error":{"expiredAt":"2024-07-22T22:45:52.000Z","message":"jwt expired","name":"TokenExpiredError"},"level":"error","message":"Invalid token","timestamp":"2024-07-22T22:55:05.425Z"}
{"error":{"expiredAt":"2024-07-22T22:45:52.000Z","message":"jwt expired","name":"TokenExpiredError"},"level":"error","message":"Invalid token","timestamp":"2024-07-22T22:56:05.424Z"}
{"error":{"expiredAt":"2024-07-22T22:45:52.000Z","message":"jwt expired","name":"TokenExpiredError"},"level":"error","message":"Invalid token","timestamp":"2024-07-22T22:57:05.421Z"}
{"error":{"expiredAt":"2024-07-22T22:45:52.000Z","message":"jwt expired","name":"TokenExpiredError"},"level":"error","message":"Invalid token","timestamp":"2024-07-22T22:58:05.427Z"}
{"error":{"expiredAt":"2024-07-22T22:45:52.000Z","message":"jwt expired","name":"TokenExpiredError"},"level":"error","message":"Invalid token","timestamp":"2024-07-22T22:59:05.420Z"}
{"error":{"expiredAt":"2024-07-22T22:45:52.000Z","message":"jwt expired","name":"TokenExpiredError"},"level":"error","message":"Invalid token","timestamp":"2024-07-22T23:00:05.423Z"}
{"error":{"expiredAt":"2024-07-22T22:45:52.000Z","message":"jwt expired","name":"TokenExpiredError"},"level":"error","message":"Invalid token","timestamp":"2024-07-22T23:01:05.417Z"}
{"error":{"expiredAt":"2024-07-22T22:45:52.000Z","message":"jwt expired","name":"TokenExpiredError"},"level":"error","message":"Invalid token","timestamp":"2024-07-22T23:02:05.427Z"}
{"error":{"expiredAt":"2024-07-22T22:45:52.000Z","message":"jwt expired","name":"TokenExpiredError"},"level":"error","message":"Invalid token","timestamp":"2024-07-22T23:03:05.420Z"}
{"error":{"expiredAt":"2024-07-22T22:45:52.000Z","message":"jwt expired","name":"TokenExpiredError"},"level":"error","message":"Invalid token","timestamp":"2024-07-22T23:04:05.417Z"}
{"error":{"expiredAt":"2024-07-22T22:45:52.000Z","message":"jwt expired","name":"TokenExpiredError"},"level":"error","message":"Invalid token","timestamp":"2024-07-22T23:05:05.425Z"}
{"error":{"expiredAt":"2024-07-22T22:45:52.000Z","message":"jwt expired","name":"TokenExpiredError"},"level":"error","message":"Invalid token","timestamp":"2024-07-22T23:06:05.418Z"}
{"error":{"expiredAt":"2024-07-22T22:45:52.000Z","message":"jwt expired","name":"TokenExpiredError"},"level":"error","message":"Invalid token","timestamp":"2024-07-22T23:07:05.419Z"}
{"error":{"expiredAt":"2024-07-22T22:45:52.000Z","message":"jwt expired","name":"TokenExpiredError"},"level":"error","message":"Invalid token","timestamp":"2024-07-22T23:08:05.423Z"}
{"error":{"expiredAt":"2024-07-22T22:45:52.000Z","message":"jwt expired","name":"TokenExpiredError"},"level":"error","message":"Invalid token","timestamp":"2024-07-22T23:09:05.421Z"}
{"error":{"expiredAt":"2024-07-22T22:45:52.000Z","message":"jwt expired","name":"TokenExpiredError"},"level":"error","message":"Invalid token","timestamp":"2024-07-22T23:10:05.427Z"}
{"error":{"expiredAt":"2024-07-22T22:45:52.000Z","message":"jwt expired","name":"TokenExpiredError"},"level":"error","message":"Invalid token","timestamp":"2024-07-22T23:11:05.427Z"}
{"error":{"expiredAt":"2024-07-22T22:45:52.000Z","message":"jwt expired","name":"TokenExpiredError"},"level":"error","message":"Invalid token","timestamp":"2024-07-22T23:12:05.422Z"}
{"error":{"expiredAt":"2024-07-22T22:45:52.000Z","message":"jwt expired","name":"TokenExpiredError"},"level":"error","message":"Invalid token","timestamp":"2024-07-22T23:13:05.431Z"}
{"error":{"expiredAt":"2024-07-22T22:45:52.000Z","message":"jwt expired","name":"TokenExpiredError"},"level":"error","message":"Invalid token","timestamp":"2024-07-22T23:14:05.415Z"}
{"error":{"expiredAt":"2024-07-22T22:45:52.000Z","message":"jwt expired","name":"TokenExpiredError"},"level":"error","message":"Invalid token","timestamp":"2024-07-22T23:15:05.422Z"}
{"error":{"expiredAt":"2024-07-22T22:45:52.000Z","message":"jwt expired","name":"TokenExpiredError"},"level":"error","message":"Invalid token","timestamp":"2024-07-22T23:16:05.425Z"}
{"error":{"expiredAt":"2024-07-22T22:45:52.000Z","message":"jwt expired","name":"TokenExpiredError"},"level":"error","message":"Invalid token","timestamp":"2024-07-22T23:17:05.415Z"}
{"error":{"expiredAt":"2024-07-22T22:45:52.000Z","message":"jwt expired","name":"TokenExpiredError"},"level":"error","message":"Invalid token","timestamp":"2024-07-22T23:18:05.425Z"}
{"error":{"expiredAt":"2024-07-22T22:45:52.000Z","message":"jwt expired","name":"TokenExpiredError"},"level":"error","message":"Invalid token","timestamp":"2024-07-22T23:19:05.427Z"}
{"error":{"expiredAt":"2024-07-22T22:45:52.000Z","message":"jwt expired","name":"TokenExpiredError"},"level":"error","message":"Invalid token","timestamp":"2024-07-22T23:20:05.426Z"}
{"error":{"expiredAt":"2024-07-22T22:45:52.000Z","message":"jwt expired","name":"TokenExpiredError"},"level":"error","message":"Invalid token","timestamp":"2024-07-22T23:21:05.422Z"}
{"error":{"expiredAt":"2024-07-22T22:45:52.000Z","message":"jwt expired","name":"TokenExpiredError"},"level":"error","message":"Invalid token","timestamp":"2024-07-22T23:22:05.424Z"}
{"error":{"expiredAt":"2024-07-22T22:45:52.000Z","message":"jwt expired","name":"TokenExpiredError"},"level":"error","message":"Invalid token","timestamp":"2024-07-22T23:23:05.416Z"}
{"error":{"expiredAt":"2024-07-22T22:45:52.000Z","message":"jwt expired","name":"TokenExpiredError"},"level":"error","message":"Invalid token","timestamp":"2024-07-22T23:24:05.425Z"}
{"error":{"expiredAt":"2024-07-22T22:45:52.000Z","message":"jwt expired","name":"TokenExpiredError"},"level":"error","message":"Invalid token","timestamp":"2024-07-22T23:25:05.415Z"}
{"error":{"expiredAt":"2024-07-22T22:45:52.000Z","message":"jwt expired","name":"TokenExpiredError"},"level":"error","message":"Invalid token","timestamp":"2024-07-22T23:26:05.417Z"}
{"error":{"expiredAt":"2024-07-22T22:45:52.000Z","message":"jwt expired","name":"TokenExpiredError"},"level":"error","message":"Invalid token","timestamp":"2024-07-22T23:27:05.426Z"}
{"error":{"expiredAt":"2024-07-22T22:45:52.000Z","message":"jwt expired","name":"TokenExpiredError"},"level":"error","message":"Invalid token","timestamp":"2024-07-22T23:28:05.412Z"}
{"error":{"expiredAt":"2024-07-22T22:45:52.000Z","message":"jwt expired","name":"TokenExpiredError"},"level":"error","message":"Invalid token","timestamp":"2024-07-22T23:29:05.416Z"}
{"error":{"expiredAt":"2024-07-22T22:45:52.000Z","message":"jwt expired","name":"TokenExpiredError"},"level":"error","message":"Invalid token","timestamp":"2024-07-22T23:30:05.426Z"}
{"error":{"expiredAt":"2024-07-22T22:45:52.000Z","message":"jwt expired","name":"TokenExpiredError"},"level":"error","message":"Invalid token","timestamp":"2024-07-22T23:31:05.412Z"}
{"error":{"expiredAt":"2024-07-22T22:45:52.000Z","message":"jwt expired","name":"TokenExpiredError"},"level":"error","message":"Invalid token","timestamp":"2024-07-22T23:32:05.422Z"}
{"error":{"expiredAt":"2024-07-22T22:45:52.000Z","message":"jwt expired","name":"TokenExpiredError"},"level":"error","message":"Invalid token","timestamp":"2024-07-22T23:33:05.423Z"}
{"error":{"expiredAt":"2024-07-22T22:45:52.000Z","message":"jwt expired","name":"TokenExpiredError"},"level":"error","message":"Invalid token","timestamp":"2024-07-22T23:34:05.425Z"}
{"error":{"expiredAt":"2024-07-22T22:45:52.000Z","message":"jwt expired","name":"TokenExpiredError"},"level":"error","message":"Invalid token","timestamp":"2024-07-22T23:35:05.422Z"}
{"error":{"expiredAt":"2024-07-22T22:45:52.000Z","message":"jwt expired","name":"TokenExpiredError"},"level":"error","message":"Invalid token","timestamp":"2024-07-22T23:36:05.420Z"}
{"error":{"expiredAt":"2024-07-22T22:45:52.000Z","message":"jwt expired","name":"TokenExpiredError"},"level":"error","message":"Invalid token","timestamp":"2024-07-22T23:37:05.421Z"}
{"error":{"expiredAt":"2024-07-22T22:45:52.000Z","message":"jwt expired","name":"TokenExpiredError"},"level":"error","message":"Invalid token","timestamp":"2024-07-22T23:38:05.413Z"}
{"error":{"expiredAt":"2024-07-22T22:45:52.000Z","message":"jwt expired","name":"TokenExpiredError"},"level":"error","message":"Invalid token","timestamp":"2024-07-22T23:39:05.422Z"}
{"error":{"expiredAt":"2024-07-22T22:45:52.000Z","message":"jwt expired","name":"TokenExpiredError"},"level":"error","message":"Invalid token","timestamp":"2024-07-22T23:40:05.422Z"}
{"error":{"expiredAt":"2024-07-22T22:45:52.000Z","message":"jwt expired","name":"TokenExpiredError"},"level":"error","message":"Invalid token","timestamp":"2024-07-22T23:41:05.411Z"}
{"error":{"expiredAt":"2024-07-22T22:45:52.000Z","message":"jwt expired","name":"TokenExpiredError"},"level":"error","message":"Invalid token","timestamp":"2024-07-22T23:42:05.420Z"}
{"error":{"expiredAt":"2024-07-22T22:45:52.000Z","message":"jwt expired","name":"TokenExpiredError"},"level":"error","message":"Invalid token","timestamp":"2024-07-22T23:43:05.417Z"}
{"error":{"expiredAt":"2024-07-22T22:45:52.000Z","message":"jwt expired","name":"TokenExpiredError"},"level":"error","message":"Invalid token","timestamp":"2024-07-22T23:44:05.419Z"}
{"error":{"expiredAt":"2024-07-22T22:45:52.000Z","message":"jwt expired","name":"TokenExpiredError"},"level":"error","message":"Invalid token","timestamp":"2024-07-22T23:45:05.430Z"}
{"error":{"expiredAt":"2024-07-22T22:45:52.000Z","message":"jwt expired","name":"TokenExpiredError"},"level":"error","message":"Invalid token","timestamp":"2024-07-22T23:46:05.426Z"}
{"error":{"expiredAt":"2024-07-22T22:45:52.000Z","message":"jwt expired","name":"TokenExpiredError"},"level":"error","message":"Invalid token","timestamp":"2024-07-22T23:47:05.426Z"}
{"error":{"expiredAt":"2024-07-22T22:45:52.000Z","message":"jwt expired","name":"TokenExpiredError"},"level":"error","message":"Invalid token","timestamp":"2024-07-22T23:48:05.415Z"}
{"error":{"expiredAt":"2024-07-22T22:45:52.000Z","message":"jwt expired","name":"TokenExpiredError"},"level":"error","message":"Invalid token","timestamp":"2024-07-22T23:49:05.422Z"}
{"error":{"expiredAt":"2024-07-22T22:45:52.000Z","message":"jwt expired","name":"TokenExpiredError"},"level":"error","message":"Invalid token","timestamp":"2024-07-22T23:50:05.422Z"}
{"error":{"expiredAt":"2024-07-22T22:45:52.000Z","message":"jwt expired","name":"TokenExpiredError"},"level":"error","message":"Invalid token","timestamp":"2024-07-22T23:51:05.426Z"}
{"error":{"expiredAt":"2024-07-22T22:45:52.000Z","message":"jwt expired","name":"TokenExpiredError"},"level":"error","message":"Invalid token","timestamp":"2024-07-22T23:52:05.420Z"}
{"error":{"expiredAt":"2024-07-22T22:45:52.000Z","message":"jwt expired","name":"TokenExpiredError"},"level":"error","message":"Invalid token","timestamp":"2024-07-22T23:53:05.425Z"}
{"error":{"expiredAt":"2024-07-22T22:45:52.000Z","message":"jwt expired","name":"TokenExpiredError"},"level":"error","message":"Invalid token","timestamp":"2024-07-22T23:54:05.429Z"}
{"error":{"expiredAt":"2024-07-22T22:45:52.000Z","message":"jwt expired","name":"TokenExpiredError"},"level":"error","message":"Invalid token","timestamp":"2024-07-22T23:55:05.416Z"}
{"error":{"expiredAt":"2024-07-22T22:45:52.000Z","message":"jwt expired","name":"TokenExpiredError"},"level":"error","message":"Invalid token","timestamp":"2024-07-22T23:56:05.425Z"}
{"error":{"expiredAt":"2024-07-22T22:45:52.000Z","message":"jwt expired","name":"TokenExpiredError"},"level":"error","message":"Invalid token","timestamp":"2024-07-22T23:57:05.427Z"}
{"error":{"expiredAt":"2024-07-22T22:45:52.000Z","message":"jwt expired","name":"TokenExpiredError"},"level":"error","message":"Invalid token","timestamp":"2024-07-22T23:58:05.426Z"}
{"error":{"expiredAt":"2024-07-22T22:45:52.000Z","message":"jwt expired","name":"TokenExpiredError"},"level":"error","message":"Invalid token","timestamp":"2024-07-22T23:59:05.420Z"}
{"error":{"expiredAt":"2024-07-22T22:45:52.000Z","message":"jwt expired","name":"TokenExpiredError"},"level":"error","message":"Invalid token","timestamp":"2024-07-23T00:00:05.425Z"}
{"error":{"expiredAt":"2024-07-22T22:45:52.000Z","message":"jwt expired","name":"TokenExpiredError"},"level":"error","message":"Invalid token","timestamp":"2024-07-23T00:01:05.424Z"}
{"error":{"expiredAt":"2024-07-22T22:45:52.000Z","message":"jwt expired","name":"TokenExpiredError"},"level":"error","message":"Invalid token","timestamp":"2024-07-23T00:02:05.423Z"}
{"error":{"expiredAt":"2024-07-22T22:45:52.000Z","message":"jwt expired","name":"TokenExpiredError"},"level":"error","message":"Invalid token","timestamp":"2024-07-23T00:03:05.423Z"}
{"error":{"expiredAt":"2024-07-22T22:45:52.000Z","message":"jwt expired","name":"TokenExpiredError"},"level":"error","message":"Invalid token","timestamp":"2024-07-23T00:04:05.421Z"}
{"error":{"expiredAt":"2024-07-22T22:45:52.000Z","message":"jwt expired","name":"TokenExpiredError"},"level":"error","message":"Invalid token","timestamp":"2024-07-23T00:05:05.424Z"}
{"error":{"expiredAt":"2024-07-22T22:45:52.000Z","message":"jwt expired","name":"TokenExpiredError"},"level":"error","message":"Invalid token","timestamp":"2024-07-23T00:06:05.424Z"}
{"error":{"expiredAt":"2024-07-22T22:45:52.000Z","message":"jwt expired","name":"TokenExpiredError"},"level":"error","message":"Invalid token","timestamp":"2024-07-23T00:07:05.427Z"}
{"error":{"expiredAt":"2024-07-22T22:45:52.000Z","message":"jwt expired","name":"TokenExpiredError"},"level":"error","message":"Invalid token","timestamp":"2024-07-23T00:08:05.423Z"}
{"error":{"expiredAt":"2024-07-22T22:45:52.000Z","message":"jwt expired","name":"TokenExpiredError"},"level":"error","message":"Invalid token","timestamp":"2024-07-23T00:09:05.423Z"}
{"error":{"expiredAt":"2024-07-22T22:45:52.000Z","message":"jwt expired","name":"TokenExpiredError"},"level":"error","message":"Invalid token","timestamp":"2024-07-23T00:10:05.411Z"}
{"error":{"expiredAt":"2024-07-22T22:45:52.000Z","message":"jwt expired","name":"TokenExpiredError"},"level":"error","message":"Invalid token","timestamp":"2024-07-23T00:11:05.427Z"}
{"error":{"expiredAt":"2024-07-22T22:45:52.000Z","message":"jwt expired","name":"TokenExpiredError"},"level":"error","message":"Invalid token","timestamp":"2024-07-23T00:12:05.424Z"}
{"error":{"expiredAt":"2024-07-22T22:45:52.000Z","message":"jwt expired","name":"TokenExpiredError"},"level":"error","message":"Invalid token","timestamp":"2024-07-23T00:13:05.416Z"}
{"error":{"expiredAt":"2024-07-22T22:45:52.000Z","message":"jwt expired","name":"TokenExpiredError"},"level":"error","message":"Invalid token","timestamp":"2024-07-23T00:14:05.421Z"}
{"error":{"expiredAt":"2024-07-22T22:45:52.000Z","message":"jwt expired","name":"TokenExpiredError"},"level":"error","message":"Invalid token","timestamp":"2024-07-23T00:15:05.412Z"}
{"error":{"expiredAt":"2024-07-22T22:45:52.000Z","message":"jwt expired","name":"TokenExpiredError"},"level":"error","message":"Invalid token","timestamp":"2024-07-23T00:16:05.415Z"}
{"error":{"expiredAt":"2024-07-22T22:45:52.000Z","message":"jwt expired","name":"TokenExpiredError"},"level":"error","message":"Invalid token","timestamp":"2024-07-23T00:17:05.418Z"}
{"error":{"expiredAt":"2024-07-22T22:45:52.000Z","message":"jwt expired","name":"TokenExpiredError"},"level":"error","message":"Invalid token","timestamp":"2024-07-23T00:18:05.424Z"}
{"error":{"expiredAt":"2024-07-22T22:45:52.000Z","message":"jwt expired","name":"TokenExpiredError"},"level":"error","message":"Invalid token","timestamp":"2024-07-23T00:19:05.417Z"}
{"error":{"expiredAt":"2024-07-22T22:45:52.000Z","message":"jwt expired","name":"TokenExpiredError"},"level":"error","message":"Invalid token","timestamp":"2024-07-23T00:20:05.425Z"}
{"error":{"expiredAt":"2024-07-22T22:45:52.000Z","message":"jwt expired","name":"TokenExpiredError"},"level":"error","message":"Invalid token","timestamp":"2024-07-23T00:21:05.422Z"}
{"error":{"expiredAt":"2024-07-22T22:45:52.000Z","message":"jwt expired","name":"TokenExpiredError"},"level":"error","message":"Invalid token","timestamp":"2024-07-23T00:22:05.425Z"}
{"error":{"expiredAt":"2024-07-22T22:45:52.000Z","message":"jwt expired","name":"TokenExpiredError"},"level":"error","message":"Invalid token","timestamp":"2024-07-23T00:23:05.415Z"}
{"error":{"expiredAt":"2024-07-22T22:45:52.000Z","message":"jwt expired","name":"TokenExpiredError"},"level":"error","message":"Invalid token","timestamp":"2024-07-23T00:24:05.413Z"}
{"error":{"expiredAt":"2024-07-22T22:45:52.000Z","message":"jwt expired","name":"TokenExpiredError"},"level":"error","message":"Invalid token","timestamp":"2024-07-23T00:25:05.426Z"}
{"error":{"expiredAt":"2024-07-22T22:45:52.000Z","message":"jwt expired","name":"TokenExpiredError"},"level":"error","message":"Invalid token","timestamp":"2024-07-23T00:26:05.420Z"}
{"error":{"expiredAt":"2024-07-22T22:45:52.000Z","message":"jwt expired","name":"TokenExpiredError"},"level":"error","message":"Invalid token","timestamp":"2024-07-23T00:27:05.414Z"}
{"error":{"expiredAt":"2024-07-22T22:45:52.000Z","message":"jwt expired","name":"TokenExpiredError"},"level":"error","message":"Invalid token","timestamp":"2024-07-23T00:28:05.427Z"}
{"error":{"expiredAt":"2024-07-22T22:45:52.000Z","message":"jwt expired","name":"TokenExpiredError"},"level":"error","message":"Invalid token","timestamp":"2024-07-23T00:29:05.426Z"}
{"error":{"expiredAt":"2024-07-22T22:45:52.000Z","message":"jwt expired","name":"TokenExpiredError"},"level":"error","message":"Invalid token","timestamp":"2024-07-23T00:30:05.418Z"}
{"error":{"expiredAt":"2024-07-22T22:45:52.000Z","message":"jwt expired","name":"TokenExpiredError"},"level":"error","message":"Invalid token","timestamp":"2024-07-23T00:31:05.419Z"}
{"error":{"expiredAt":"2024-07-22T22:45:52.000Z","message":"jwt expired","name":"TokenExpiredError"},"level":"error","message":"Invalid token","timestamp":"2024-07-23T00:32:05.423Z"}
{"error":{"expiredAt":"2024-07-22T22:45:52.000Z","message":"jwt expired","name":"TokenExpiredError"},"level":"error","message":"Invalid token","timestamp":"2024-07-23T00:33:05.414Z"}
{"error":{"expiredAt":"2024-07-22T22:45:52.000Z","message":"jwt expired","name":"TokenExpiredError"},"level":"error","message":"Invalid token","timestamp":"2024-07-23T00:34:05.417Z"}
{"error":{"expiredAt":"2024-07-22T22:45:52.000Z","message":"jwt expired","name":"TokenExpiredError"},"level":"error","message":"Invalid token","timestamp":"2024-07-23T00:35:05.419Z"}
{"error":{"expiredAt":"2024-07-22T22:45:52.000Z","message":"jwt expired","name":"TokenExpiredError"},"level":"error","message":"Invalid token","timestamp":"2024-07-23T00:36:05.430Z"}
{"error":{"expiredAt":"2024-07-22T22:45:52.000Z","message":"jwt expired","name":"TokenExpiredError"},"level":"error","message":"Invalid token","timestamp":"2024-07-23T00:37:05.420Z"}
{"error":{"expiredAt":"2024-07-22T22:45:52.000Z","message":"jwt expired","name":"TokenExpiredError"},"level":"error","message":"Invalid token","timestamp":"2024-07-23T00:38:05.414Z"}
{"error":{"expiredAt":"2024-07-22T22:45:52.000Z","message":"jwt expired","name":"TokenExpiredError"},"level":"error","message":"Invalid token","timestamp":"2024-07-23T00:39:05.419Z"}
{"error":{"expiredAt":"2024-07-22T22:45:52.000Z","message":"jwt expired","name":"TokenExpiredError"},"level":"error","message":"Invalid token","timestamp":"2024-07-23T00:40:05.413Z"}
{"error":{"expiredAt":"2024-07-22T22:45:52.000Z","message":"jwt expired","name":"TokenExpiredError"},"level":"error","message":"Invalid token","timestamp":"2024-07-23T00:41:05.419Z"}
{"error":{"expiredAt":"2024-07-22T22:45:52.000Z","message":"jwt expired","name":"TokenExpiredError"},"level":"error","message":"Invalid token","timestamp":"2024-07-23T00:42:05.426Z"}
{"error":{"expiredAt":"2024-07-22T22:45:52.000Z","message":"jwt expired","name":"TokenExpiredError"},"level":"error","message":"Invalid token","timestamp":"2024-07-23T00:43:05.422Z"}
{"error":{"expiredAt":"2024-07-22T22:45:52.000Z","message":"jwt expired","name":"TokenExpiredError"},"level":"error","message":"Invalid token","timestamp":"2024-07-23T00:44:05.423Z"}
{"error":{"expiredAt":"2024-07-22T22:45:52.000Z","message":"jwt expired","name":"TokenExpiredError"},"level":"error","message":"Invalid token","timestamp":"2024-07-23T00:45:05.421Z"}
{"error":{"expiredAt":"2024-07-22T22:45:52.000Z","message":"jwt expired","name":"TokenExpiredError"},"level":"error","message":"Invalid token","timestamp":"2024-07-23T00:46:05.413Z"}
{"error":{"expiredAt":"2024-07-22T22:45:52.000Z","message":"jwt expired","name":"TokenExpiredError"},"level":"error","message":"Invalid token","timestamp":"2024-07-23T00:47:05.428Z"}
{"error":{"expiredAt":"2024-07-22T22:45:52.000Z","message":"jwt expired","name":"TokenExpiredError"},"level":"error","message":"Invalid token","timestamp":"2024-07-23T00:48:05.425Z"}
{"error":{"expiredAt":"2024-07-22T22:45:52.000Z","message":"jwt expired","name":"TokenExpiredError"},"level":"error","message":"Invalid token","timestamp":"2024-07-23T00:49:05.419Z"}
{"error":{"expiredAt":"2024-07-22T22:45:52.000Z","message":"jwt expired","name":"TokenExpiredError"},"level":"error","message":"Invalid token","timestamp":"2024-07-23T00:50:05.416Z"}
{"error":{"expiredAt":"2024-07-22T22:45:52.000Z","message":"jwt expired","name":"TokenExpiredError"},"level":"error","message":"Invalid token","timestamp":"2024-07-23T00:51:05.418Z"}
{"error":{"expiredAt":"2024-07-22T22:45:52.000Z","message":"jwt expired","name":"TokenExpiredError"},"level":"error","message":"Invalid token","timestamp":"2024-07-23T00:52:05.417Z"}
{"error":{"expiredAt":"2024-07-22T22:45:52.000Z","message":"jwt expired","name":"TokenExpiredError"},"level":"error","message":"Invalid token","timestamp":"2024-07-23T00:53:05.420Z"}
{"error":{"expiredAt":"2024-07-22T22:45:52.000Z","message":"jwt expired","name":"TokenExpiredError"},"level":"error","message":"Invalid token","timestamp":"2024-07-23T00:54:05.414Z"}
{"error":{"expiredAt":"2024-07-22T22:45:52.000Z","message":"jwt expired","name":"TokenExpiredError"},"level":"error","message":"Invalid token","timestamp":"2024-07-23T00:55:05.426Z"}
{"error":{"expiredAt":"2024-07-22T22:45:52.000Z","message":"jwt expired","name":"TokenExpiredError"},"level":"error","message":"Invalid token","timestamp":"2024-07-23T00:56:05.419Z"}
{"error":{"expiredAt":"2024-07-22T22:45:52.000Z","message":"jwt expired","name":"TokenExpiredError"},"level":"error","message":"Invalid token","timestamp":"2024-07-23T00:57:05.422Z"}
{"error":{"expiredAt":"2024-07-22T22:45:52.000Z","message":"jwt expired","name":"TokenExpiredError"},"level":"error","message":"Invalid token","timestamp":"2024-07-23T00:58:05.419Z"}
{"error":{"expiredAt":"2024-07-22T22:45:52.000Z","message":"jwt expired","name":"TokenExpiredError"},"level":"error","message":"Invalid token","timestamp":"2024-07-23T00:59:05.421Z"}
{"error":{"expiredAt":"2024-07-22T22:45:52.000Z","message":"jwt expired","name":"TokenExpiredError"},"level":"error","message":"Invalid token","timestamp":"2024-07-23T01:00:05.413Z"}
{"error":{"expiredAt":"2024-07-22T22:45:52.000Z","message":"jwt expired","name":"TokenExpiredError"},"level":"error","message":"Invalid token","timestamp":"2024-07-23T01:01:05.426Z"}
{"error":{"expiredAt":"2024-07-22T22:45:52.000Z","message":"jwt expired","name":"TokenExpiredError"},"level":"error","message":"Invalid token","timestamp":"2024-07-23T01:02:05.422Z"}
{"error":{"expiredAt":"2024-07-22T22:45:52.000Z","message":"jwt expired","name":"TokenExpiredError"},"level":"error","message":"Invalid token","timestamp":"2024-07-23T01:03:05.416Z"}
{"error":{"expiredAt":"2024-07-22T22:45:52.000Z","message":"jwt expired","name":"TokenExpiredError"},"level":"error","message":"Invalid token","timestamp":"2024-07-23T01:04:05.412Z"}
{"error":{"expiredAt":"2024-07-22T22:45:52.000Z","message":"jwt expired","name":"TokenExpiredError"},"level":"error","message":"Invalid token","timestamp":"2024-07-23T01:05:05.418Z"}
{"error":{"expiredAt":"2024-07-22T22:45:52.000Z","message":"jwt expired","name":"TokenExpiredError"},"level":"error","message":"Invalid token","timestamp":"2024-07-23T01:06:05.424Z"}
{"error":{"expiredAt":"2024-07-22T22:45:52.000Z","message":"jwt expired","name":"TokenExpiredError"},"level":"error","message":"Invalid token","timestamp":"2024-07-23T01:07:05.423Z"}
{"error":{"expiredAt":"2024-07-22T22:45:52.000Z","message":"jwt expired","name":"TokenExpiredError"},"level":"error","message":"Invalid token","timestamp":"2024-07-23T01:08:05.427Z"}
{"error":{"expiredAt":"2024-07-22T22:45:52.000Z","message":"jwt expired","name":"TokenExpiredError"},"level":"error","message":"Invalid token","timestamp":"2024-07-23T01:09:05.420Z"}
{"error":{"expiredAt":"2024-07-22T22:45:52.000Z","message":"jwt expired","name":"TokenExpiredError"},"level":"error","message":"Invalid token","timestamp":"2024-07-23T01:10:05.428Z"}
{"error":{"expiredAt":"2024-07-22T22:45:52.000Z","message":"jwt expired","name":"TokenExpiredError"},"level":"error","message":"Invalid token","timestamp":"2024-07-23T01:11:05.424Z"}
{"error":{"expiredAt":"2024-07-22T22:45:52.000Z","message":"jwt expired","name":"TokenExpiredError"},"level":"error","message":"Invalid token","timestamp":"2024-07-23T01:12:05.426Z"}
{"error":{"expiredAt":"2024-07-22T22:45:52.000Z","message":"jwt expired","name":"TokenExpiredError"},"level":"error","message":"Invalid token","timestamp":"2024-07-23T01:13:05.423Z"}
{"error":{"expiredAt":"2024-07-22T22:45:52.000Z","message":"jwt expired","name":"TokenExpiredError"},"level":"error","message":"Invalid token","timestamp":"2024-07-23T01:14:05.421Z"}
{"error":{"expiredAt":"2024-07-22T22:45:52.000Z","message":"jwt expired","name":"TokenExpiredError"},"level":"error","message":"Invalid token","timestamp":"2024-07-23T01:15:05.424Z"}
{"error":{"expiredAt":"2024-07-22T22:45:52.000Z","message":"jwt expired","name":"TokenExpiredError"},"level":"error","message":"Invalid token","timestamp":"2024-07-23T01:16:05.424Z"}
{"error":{"expiredAt":"2024-07-22T22:45:52.000Z","message":"jwt expired","name":"TokenExpiredError"},"level":"error","message":"Invalid token","timestamp":"2024-07-23T01:17:05.428Z"}
{"error":{"expiredAt":"2024-07-22T22:45:52.000Z","message":"jwt expired","name":"TokenExpiredError"},"level":"error","message":"Invalid token","timestamp":"2024-07-23T01:18:05.418Z"}
{"error":{"expiredAt":"2024-07-22T22:45:52.000Z","message":"jwt expired","name":"TokenExpiredError"},"level":"error","message":"Invalid token","timestamp":"2024-07-23T01:19:05.430Z"}
{"error":{"expiredAt":"2024-07-22T22:45:52.000Z","message":"jwt expired","name":"TokenExpiredError"},"level":"error","message":"Invalid token","timestamp":"2024-07-23T01:20:05.416Z"}
{"error":{"expiredAt":"2024-07-22T22:45:52.000Z","message":"jwt expired","name":"TokenExpiredError"},"level":"error","message":"Invalid token","timestamp":"2024-07-23T01:21:05.421Z"}
{"error":{"expiredAt":"2024-07-22T22:45:52.000Z","message":"jwt expired","name":"TokenExpiredError"},"level":"error","message":"Invalid token","timestamp":"2024-07-23T01:22:05.414Z"}
{"error":{"expiredAt":"2024-07-22T22:45:52.000Z","message":"jwt expired","name":"TokenExpiredError"},"level":"error","message":"Invalid token","timestamp":"2024-07-23T01:23:05.415Z"}
{"error":{"expiredAt":"2024-07-22T22:45:52.000Z","message":"jwt expired","name":"TokenExpiredError"},"level":"error","message":"Invalid token","timestamp":"2024-07-23T01:24:05.418Z"}
{"error":{"expiredAt":"2024-07-22T22:45:52.000Z","message":"jwt expired","name":"TokenExpiredError"},"level":"error","message":"Invalid token","timestamp":"2024-07-23T01:25:05.415Z"}
{"error":{"expiredAt":"2024-07-22T22:45:52.000Z","message":"jwt expired","name":"TokenExpiredError"},"level":"error","message":"Invalid token","timestamp":"2024-07-23T01:26:05.429Z"}
{"error":{"expiredAt":"2024-07-22T22:45:52.000Z","message":"jwt expired","name":"TokenExpiredError"},"level":"error","message":"Invalid token","timestamp":"2024-07-23T01:27:05.423Z"}
{"error":{"expiredAt":"2024-07-22T22:45:52.000Z","message":"jwt expired","name":"TokenExpiredError"},"level":"error","message":"Invalid token","timestamp":"2024-07-23T01:28:05.421Z"}
{"error":{"expiredAt":"2024-07-22T22:45:52.000Z","message":"jwt expired","name":"TokenExpiredError"},"level":"error","message":"Invalid token","timestamp":"2024-07-23T01:29:05.420Z"}
{"error":{"expiredAt":"2024-07-22T22:45:52.000Z","message":"jwt expired","name":"TokenExpiredError"},"level":"error","message":"Invalid token","timestamp":"2024-07-23T01:30:05.426Z"}
{"error":{"expiredAt":"2024-07-22T22:45:52.000Z","message":"jwt expired","name":"TokenExpiredError"},"level":"error","message":"Invalid token","timestamp":"2024-07-23T01:31:05.427Z"}
{"error":{"expiredAt":"2024-07-22T22:45:52.000Z","message":"jwt expired","name":"TokenExpiredError"},"level":"error","message":"Invalid token","timestamp":"2024-07-23T01:32:05.417Z"}
{"error":{"expiredAt":"2024-07-22T22:45:52.000Z","message":"jwt expired","name":"TokenExpiredError"},"level":"error","message":"Invalid token","timestamp":"2024-07-23T01:33:05.416Z"}
{"error":{"expiredAt":"2024-07-22T22:45:52.000Z","message":"jwt expired","name":"TokenExpiredError"},"level":"error","message":"Invalid token","timestamp":"2024-07-23T01:34:05.426Z"}
{"error":{"expiredAt":"2024-07-22T22:45:52.000Z","message":"jwt expired","name":"TokenExpiredError"},"level":"error","message":"Invalid token","timestamp":"2024-07-23T01:35:05.423Z"}
{"error":{"expiredAt":"2024-07-22T22:45:52.000Z","message":"jwt expired","name":"TokenExpiredError"},"level":"error","message":"Invalid token","timestamp":"2024-07-23T01:36:05.425Z"}
{"error":{"expiredAt":"2024-07-22T22:45:52.000Z","message":"jwt expired","name":"TokenExpiredError"},"level":"error","message":"Invalid token","timestamp":"2024-07-23T01:37:05.414Z"}
{"error":{"expiredAt":"2024-07-22T22:45:52.000Z","message":"jwt expired","name":"TokenExpiredError"},"level":"error","message":"Invalid token","timestamp":"2024-07-23T01:38:05.424Z"}
{"error":{"expiredAt":"2024-07-22T22:45:52.000Z","message":"jwt expired","name":"TokenExpiredError"},"level":"error","message":"Invalid token","timestamp":"2024-07-23T01:39:05.417Z"}
{"error":{"expiredAt":"2024-07-22T22:45:52.000Z","message":"jwt expired","name":"TokenExpiredError"},"level":"error","message":"Invalid token","timestamp":"2024-07-23T01:40:05.428Z"}
{"error":{"expiredAt":"2024-07-22T22:45:52.000Z","message":"jwt expired","name":"TokenExpiredError"},"level":"error","message":"Invalid token","timestamp":"2024-07-23T01:41:05.416Z"}
{"error":{"expiredAt":"2024-07-22T22:45:52.000Z","message":"jwt expired","name":"TokenExpiredError"},"level":"error","message":"Invalid token","timestamp":"2024-07-23T01:42:05.421Z"}
{"error":{"expiredAt":"2024-07-22T22:45:52.000Z","message":"jwt expired","name":"TokenExpiredError"},"level":"error","message":"Invalid token","timestamp":"2024-07-23T01:43:05.424Z"}
{"error":{"expiredAt":"2024-07-22T22:45:52.000Z","message":"jwt expired","name":"TokenExpiredError"},"level":"error","message":"Invalid token","timestamp":"2024-07-23T01:44:05.418Z"}
{"error":{"expiredAt":"2024-07-22T22:45:52.000Z","message":"jwt expired","name":"TokenExpiredError"},"level":"error","message":"Invalid token","timestamp":"2024-07-23T01:45:05.412Z"}
{"error":{"expiredAt":"2024-07-22T22:45:52.000Z","message":"jwt expired","name":"TokenExpiredError"},"level":"error","message":"Invalid token","timestamp":"2024-07-23T01:46:05.422Z"}
{"error":{"expiredAt":"2024-07-22T22:45:52.000Z","message":"jwt expired","name":"TokenExpiredError"},"level":"error","message":"Invalid token","timestamp":"2024-07-23T01:47:05.421Z"}
{"error":{"expiredAt":"2024-07-22T22:45:52.000Z","message":"jwt expired","name":"TokenExpiredError"},"level":"error","message":"Invalid token","timestamp":"2024-07-23T01:48:05.424Z"}
{"error":{"expiredAt":"2024-07-22T22:45:52.000Z","message":"jwt expired","name":"TokenExpiredError"},"level":"error","message":"Invalid token","timestamp":"2024-07-23T01:49:05.415Z"}
{"error":{"expiredAt":"2024-07-22T22:45:52.000Z","message":"jwt expired","name":"TokenExpiredError"},"level":"error","message":"Invalid token","timestamp":"2024-07-23T01:50:05.430Z"}
{"error":{"expiredAt":"2024-07-22T22:45:52.000Z","message":"jwt expired","name":"TokenExpiredError"},"level":"error","message":"Invalid token","timestamp":"2024-07-23T01:51:05.419Z"}
{"error":{"expiredAt":"2024-07-22T22:45:52.000Z","message":"jwt expired","name":"TokenExpiredError"},"level":"error","message":"Invalid token","timestamp":"2024-07-23T01:52:05.424Z"}
{"error":{"expiredAt":"2024-07-22T22:45:52.000Z","message":"jwt expired","name":"TokenExpiredError"},"level":"error","message":"Invalid token","timestamp":"2024-07-23T01:53:05.422Z"}
{"error":{"expiredAt":"2024-07-22T22:45:52.000Z","message":"jwt expired","name":"TokenExpiredError"},"level":"error","message":"Invalid token","timestamp":"2024-07-23T01:54:05.417Z"}
{"error":{"expiredAt":"2024-07-22T22:45:52.000Z","message":"jwt expired","name":"TokenExpiredError"},"level":"error","message":"Invalid token","timestamp":"2024-07-23T01:55:05.422Z"}
{"error":{"expiredAt":"2024-07-22T22:45:52.000Z","message":"jwt expired","name":"TokenExpiredError"},"level":"error","message":"Invalid token","timestamp":"2024-07-23T01:56:05.415Z"}
{"error":{"expiredAt":"2024-07-22T22:45:52.000Z","message":"jwt expired","name":"TokenExpiredError"},"level":"error","message":"Invalid token","timestamp":"2024-07-23T01:57:05.422Z"}
{"error":{"expiredAt":"2024-07-22T22:45:52.000Z","message":"jwt expired","name":"TokenExpiredError"},"level":"error","message":"Invalid token","timestamp":"2024-07-23T01:58:05.426Z"}
{"error":{"expiredAt":"2024-07-22T22:45:52.000Z","message":"jwt expired","name":"TokenExpiredError"},"level":"error","message":"Invalid token","timestamp":"2024-07-23T01:59:05.418Z"}
{"error":{"expiredAt":"2024-07-22T22:45:52.000Z","message":"jwt expired","name":"TokenExpiredError"},"level":"error","message":"Invalid token","timestamp":"2024-07-23T02:00:05.413Z"}
{"error":{"expiredAt":"2024-07-22T22:45:52.000Z","message":"jwt expired","name":"TokenExpiredError"},"level":"error","message":"Invalid token","timestamp":"2024-07-23T02:01:05.430Z"}
{"error":{"expiredAt":"2024-07-22T22:45:52.000Z","message":"jwt expired","name":"TokenExpiredError"},"level":"error","message":"Invalid token","timestamp":"2024-07-23T02:02:05.422Z"}
{"error":{"expiredAt":"2024-07-22T22:45:52.000Z","message":"jwt expired","name":"TokenExpiredError"},"level":"error","message":"Invalid token","timestamp":"2024-07-23T02:03:05.423Z"}
{"error":{"expiredAt":"2024-07-22T22:45:52.000Z","message":"jwt expired","name":"TokenExpiredError"},"level":"error","message":"Invalid token","timestamp":"2024-07-23T02:04:05.419Z"}
{"error":{"expiredAt":"2024-07-22T22:45:52.000Z","message":"jwt expired","name":"TokenExpiredError"},"level":"error","message":"Invalid token","timestamp":"2024-07-23T02:05:05.413Z"}
{"error":{"expiredAt":"2024-07-22T22:45:52.000Z","message":"jwt expired","name":"TokenExpiredError"},"level":"error","message":"Invalid token","timestamp":"2024-07-23T02:06:05.417Z"}
{"error":{"expiredAt":"2024-07-22T22:45:52.000Z","message":"jwt expired","name":"TokenExpiredError"},"level":"error","message":"Invalid token","timestamp":"2024-07-23T02:07:05.411Z"}
{"error":{"expiredAt":"2024-07-22T22:45:52.000Z","message":"jwt expired","name":"TokenExpiredError"},"level":"error","message":"Invalid token","timestamp":"2024-07-23T02:08:05.422Z"}
{"error":{"expiredAt":"2024-07-22T22:45:52.000Z","message":"jwt expired","name":"TokenExpiredError"},"level":"error","message":"Invalid token","timestamp":"2024-07-23T02:09:05.424Z"}
{"error":{"expiredAt":"2024-07-22T22:45:52.000Z","message":"jwt expired","name":"TokenExpiredError"},"level":"error","message":"Invalid token","timestamp":"2024-07-23T02:10:05.413Z"}
{"error":{"expiredAt":"2024-07-22T22:45:52.000Z","message":"jwt expired","name":"TokenExpiredError"},"level":"error","message":"Invalid token","timestamp":"2024-07-23T02:11:05.416Z"}
{"error":{"expiredAt":"2024-07-22T22:45:52.000Z","message":"jwt expired","name":"TokenExpiredError"},"level":"error","message":"Invalid token","timestamp":"2024-07-23T02:12:05.419Z"}
{"error":{"expiredAt":"2024-07-22T22:45:52.000Z","message":"jwt expired","name":"TokenExpiredError"},"level":"error","message":"Invalid token","timestamp":"2024-07-23T02:13:05.420Z"}
{"error":{"expiredAt":"2024-07-22T22:45:52.000Z","message":"jwt expired","name":"TokenExpiredError"},"level":"error","message":"Invalid token","timestamp":"2024-07-23T02:14:05.415Z"}
{"error":{"expiredAt":"2024-07-22T22:45:52.000Z","message":"jwt expired","name":"TokenExpiredError"},"level":"error","message":"Invalid token","timestamp":"2024-07-23T02:15:05.427Z"}
{"error":{"expiredAt":"2024-07-22T22:45:52.000Z","message":"jwt expired","name":"TokenExpiredError"},"level":"error","message":"Invalid token","timestamp":"2024-07-23T02:16:05.413Z"}
{"error":{"expiredAt":"2024-07-22T22:45:52.000Z","message":"jwt expired","name":"TokenExpiredError"},"level":"error","message":"Invalid token","timestamp":"2024-07-23T02:17:05.426Z"}
{"error":{"expiredAt":"2024-07-22T22:45:52.000Z","message":"jwt expired","name":"TokenExpiredError"},"level":"error","message":"Invalid token","timestamp":"2024-07-23T02:18:05.422Z"}
{"error":{"expiredAt":"2024-07-22T22:45:52.000Z","message":"jwt expired","name":"TokenExpiredError"},"level":"error","message":"Invalid token","timestamp":"2024-07-23T02:19:05.425Z"}
{"error":{"expiredAt":"2024-07-22T22:45:52.000Z","message":"jwt expired","name":"TokenExpiredError"},"level":"error","message":"Invalid token","timestamp":"2024-07-23T02:20:05.412Z"}
{"error":{"expiredAt":"2024-07-22T22:45:52.000Z","message":"jwt expired","name":"TokenExpiredError"},"level":"error","message":"Invalid token","timestamp":"2024-07-23T02:21:05.419Z"}
{"error":{"expiredAt":"2024-07-22T22:45:52.000Z","message":"jwt expired","name":"TokenExpiredError"},"level":"error","message":"Invalid token","timestamp":"2024-07-23T02:22:05.419Z"}
{"error":{"expiredAt":"2024-07-22T22:45:52.000Z","message":"jwt expired","name":"TokenExpiredError"},"level":"error","message":"Invalid token","timestamp":"2024-07-23T02:23:05.420Z"}
{"error":{"expiredAt":"2024-07-22T22:45:52.000Z","message":"jwt expired","name":"TokenExpiredError"},"level":"error","message":"Invalid token","timestamp":"2024-07-23T02:24:05.423Z"}
{"error":{"expiredAt":"2024-07-22T22:45:52.000Z","message":"jwt expired","name":"TokenExpiredError"},"level":"error","message":"Invalid token","timestamp":"2024-07-23T02:25:05.415Z"}
{"error":{"expiredAt":"2024-07-22T22:45:52.000Z","message":"jwt expired","name":"TokenExpiredError"},"level":"error","message":"Invalid token","timestamp":"2024-07-23T02:26:05.415Z"}
{"error":{"expiredAt":"2024-07-22T22:45:52.000Z","message":"jwt expired","name":"TokenExpiredError"},"level":"error","message":"Invalid token","timestamp":"2024-07-23T02:27:05.428Z"}
{"error":{"expiredAt":"2024-07-22T22:45:52.000Z","message":"jwt expired","name":"TokenExpiredError"},"level":"error","message":"Invalid token","timestamp":"2024-07-23T02:28:05.426Z"}
{"error":{"expiredAt":"2024-07-22T22:45:52.000Z","message":"jwt expired","name":"TokenExpiredError"},"level":"error","message":"Invalid token","timestamp":"2024-07-23T02:29:05.417Z"}
{"error":{"expiredAt":"2024-07-22T22:45:52.000Z","message":"jwt expired","name":"TokenExpiredError"},"level":"error","message":"Invalid token","timestamp":"2024-07-23T02:30:05.424Z"}
{"error":{"expiredAt":"2024-07-22T22:45:52.000Z","message":"jwt expired","name":"TokenExpiredError"},"level":"error","message":"Invalid token","timestamp":"2024-07-23T02:31:05.426Z"}
{"error":{"expiredAt":"2024-07-22T22:45:52.000Z","message":"jwt expired","name":"TokenExpiredError"},"level":"error","message":"Invalid token","timestamp":"2024-07-23T02:32:05.414Z"}
{"error":{"expiredAt":"2024-07-22T22:45:52.000Z","message":"jwt expired","name":"TokenExpiredError"},"level":"error","message":"Invalid token","timestamp":"2024-07-23T02:33:05.427Z"}
{"error":{"expiredAt":"2024-07-22T22:45:52.000Z","message":"jwt expired","name":"TokenExpiredError"},"level":"error","message":"Invalid token","timestamp":"2024-07-23T02:34:05.422Z"}
{"error":{"expiredAt":"2024-07-22T22:45:52.000Z","message":"jwt expired","name":"TokenExpiredError"},"level":"error","message":"Invalid token","timestamp":"2024-07-23T02:35:05.419Z"}
{"error":{"expiredAt":"2024-07-22T22:45:52.000Z","message":"jwt expired","name":"TokenExpiredError"},"level":"error","message":"Invalid token","timestamp":"2024-07-23T02:36:05.416Z"}
{"error":{"expiredAt":"2024-07-22T22:45:52.000Z","message":"jwt expired","name":"TokenExpiredError"},"level":"error","message":"Invalid token","timestamp":"2024-07-23T02:37:05.419Z"}
{"error":{"expiredAt":"2024-07-22T22:45:52.000Z","message":"jwt expired","name":"TokenExpiredError"},"level":"error","message":"Invalid token","timestamp":"2024-07-23T02:38:05.424Z"}
{"error":{"expiredAt":"2024-07-22T22:45:52.000Z","message":"jwt expired","name":"TokenExpiredError"},"level":"error","message":"Invalid token","timestamp":"2024-07-23T02:39:05.426Z"}
{"error":{"expiredAt":"2024-07-22T22:45:52.000Z","message":"jwt expired","name":"TokenExpiredError"},"level":"error","message":"Invalid token","timestamp":"2024-07-23T02:40:05.418Z"}
{"error":{"expiredAt":"2024-07-22T22:45:52.000Z","message":"jwt expired","name":"TokenExpiredError"},"level":"error","message":"Invalid token","timestamp":"2024-07-23T02:41:05.413Z"}
{"error":{"expiredAt":"2024-07-22T22:45:52.000Z","message":"jwt expired","name":"TokenExpiredError"},"level":"error","message":"Invalid token","timestamp":"2024-07-23T02:42:05.416Z"}
{"error":{"expiredAt":"2024-07-22T22:45:52.000Z","message":"jwt expired","name":"TokenExpiredError"},"level":"error","message":"Invalid token","timestamp":"2024-07-23T02:43:05.422Z"}
{"error":{"expiredAt":"2024-07-22T22:45:52.000Z","message":"jwt expired","name":"TokenExpiredError"},"level":"error","message":"Invalid token","timestamp":"2024-07-23T02:44:05.415Z"}
{"error":{"expiredAt":"2024-07-22T22:45:52.000Z","message":"jwt expired","name":"TokenExpiredError"},"level":"error","message":"Invalid token","timestamp":"2024-07-23T02:45:05.414Z"}
{"error":{"expiredAt":"2024-07-22T22:45:52.000Z","message":"jwt expired","name":"TokenExpiredError"},"level":"error","message":"Invalid token","timestamp":"2024-07-23T02:46:05.413Z"}
{"error":{"expiredAt":"2024-07-22T22:45:52.000Z","message":"jwt expired","name":"TokenExpiredError"},"level":"error","message":"Invalid token","timestamp":"2024-07-23T02:47:05.418Z"}
{"error":{"expiredAt":"2024-07-22T22:45:52.000Z","message":"jwt expired","name":"TokenExpiredError"},"level":"error","message":"Invalid token","timestamp":"2024-07-23T02:48:05.426Z"}
{"error":{"expiredAt":"2024-07-22T22:45:52.000Z","message":"jwt expired","name":"TokenExpiredError"},"level":"error","message":"Invalid token","timestamp":"2024-07-23T02:49:05.424Z"}
{"error":{"expiredAt":"2024-07-22T22:45:52.000Z","message":"jwt expired","name":"TokenExpiredError"},"level":"error","message":"Invalid token","timestamp":"2024-07-23T02:50:05.421Z"}
{"error":{"expiredAt":"2024-07-22T22:45:52.000Z","message":"jwt expired","name":"TokenExpiredError"},"level":"error","message":"Invalid token","timestamp":"2024-07-23T02:51:05.426Z"}
{"error":{"expiredAt":"2024-07-22T22:45:52.000Z","message":"jwt expired","name":"TokenExpiredError"},"level":"error","message":"Invalid token","timestamp":"2024-07-23T02:51:54.736Z"}
{"error":{"expiredAt":"2024-07-22T22:45:52.000Z","message":"jwt expired","name":"TokenExpiredError"},"level":"error","message":"Invalid token","timestamp":"2024-07-23T02:52:00.728Z"}
{"level":"info","message":"User disconnected","timestamp":"2024-07-23T02:52:23.314Z"}
{"error":{"expiredAt":"2024-07-22T22:45:52.000Z","message":"jwt expired","name":"TokenExpiredError"},"level":"error","message":"Invalid token","timestamp":"2024-07-23T02:52:23.326Z"}
{"level":"info","message":"New WebSocket connection","timestamp":"2024-07-23T02:52:23.327Z"}
{"level":"info","message":"Staff joined chat","timestamp":"2024-07-23T02:52:23.332Z"}
{"level":"info","message":"User disconnected","timestamp":"2024-07-23T02:52:25.353Z"}
{"error":{"expiredAt":"2024-07-22T22:45:52.000Z","message":"jwt expired","name":"TokenExpiredError"},"level":"error","message":"Invalid token","timestamp":"2024-07-23T02:52:25.361Z"}
{"level":"info","message":"New WebSocket connection","timestamp":"2024-07-23T02:52:25.363Z"}
{"level":"info","message":"Staff joined chat","timestamp":"2024-07-23T02:52:25.368Z"}
{"level":"info","message":"Server running on port 3000","timestamp":"2024-07-23T02:52:30.414Z"}
{"level":"info","message":"New WebSocket connection","timestamp":"2024-07-23T02:52:30.431Z"}
{"level":"info","message":"New WebSocket connection","timestamp":"2024-07-23T02:52:30.433Z"}
{"level":"info","message":"New WebSocket connection","timestamp":"2024-07-23T02:52:30.436Z"}
{"level":"info","message":"New WebSocket connection","timestamp":"2024-07-23T02:52:30.437Z"}
{"level":"info","message":"User disconnected","timestamp":"2024-07-23T02:52:34.000Z"}
{"error":{"expiredAt":"2024-07-22T22:45:52.000Z","message":"jwt expired","name":"TokenExpiredError"},"level":"error","message":"Invalid token","timestamp":"2024-07-23T02:52:34.012Z"}
{"level":"info","message":"New WebSocket connection","timestamp":"2024-07-23T02:52:34.013Z"}
{"level":"info","message":"Staff joined chat","timestamp":"2024-07-23T02:52:34.018Z"}
{"level":"info","message":"User disconnected","timestamp":"2024-07-23T02:52:36.218Z"}
{"error":{"expiredAt":"2024-07-22T22:45:52.000Z","message":"jwt expired","name":"TokenExpiredError"},"level":"error","message":"Invalid token","timestamp":"2024-07-23T02:52:36.230Z"}
{"level":"info","message":"New WebSocket connection","timestamp":"2024-07-23T02:52:36.232Z"}
{"error":{"expiredAt":"2024-07-22T22:45:52.000Z","message":"jwt expired","name":"TokenExpiredError"},"level":"error","message":"Invalid token","timestamp":"2024-07-23T02:52:36.234Z"}
{"level":"info","message":"User joined chat","timestamp":"2024-07-23T02:52:36.235Z","userId":1,"username":"manavmaj2001@gmail.com"}
{"level":"info","message":"Chat message sent","timestamp":"2024-07-23T02:52:39.021Z","userId":1,"username":"manavmaj2001@gmail.com"}
{"error":{"expiredAt":"2024-07-22T22:45:52.000Z","message":"jwt expired","name":"TokenExpiredError"},"level":"error","message":"Invalid token","timestamp":"2024-07-23T02:52:39.024Z"}
{"level":"info","message":"User disconnected","timestamp":"2024-07-23T02:52:45.790Z"}
{"level":"info","message":"User logged in","timestamp":"2024-07-23T02:52:47.280Z","userId":1,"username":"manavmaj2001@gmail.com"}
{"level":"info","message":"New WebSocket connection","timestamp":"2024-07-23T02:52:47.308Z"}
{"level":"info","message":"User joined chat","timestamp":"2024-07-23T02:52:47.311Z","userId":1,"username":"manavmaj2001@gmail.com"}
{"level":"info","message":"Messages marked as read","timestamp":"2024-07-23T02:52:47.415Z","userId":1}
{"level":"info","message":"User disconnected","timestamp":"2024-07-23T02:52:49.095Z"}
{"level":"info","message":"New WebSocket connection","timestamp":"2024-07-23T02:52:49.150Z"}
{"level":"info","message":"Staff joined chat","timestamp":"2024-07-23T02:52:49.153Z"}
{"level":"info","message":"Messages marked as read","timestamp":"2024-07-23T02:52:53.564Z","userId":1}
{"level":"info","message":"Staff response sent","timestamp":"2024-07-23T02:52:56.910Z","userId":1}
{"level":"info","message":"Messages marked as read","timestamp":"2024-07-23T02:55:00.874Z","userId":1}
{"level":"info","message":"Messages marked as read","timestamp":"2024-07-23T02:55:03.191Z","userId":1}
{"level":"info","message":"Staff response sent","timestamp":"2024-07-23T02:55:08.226Z","userId":1}
{"level":"info","message":"Staff response sent","timestamp":"2024-07-23T02:55:09.735Z","userId":1}
{"level":"info","message":"Messages marked as read","timestamp":"2024-07-23T02:55:10.709Z","userId":1}
{"level":"info","message":"User disconnected","timestamp":"2024-07-23T02:55:11.481Z"}
{"level":"info","message":"New WebSocket connection","timestamp":"2024-07-23T02:55:11.494Z"}
{"level":"info","message":"Staff joined chat","timestamp":"2024-07-23T02:55:11.497Z"}
{"level":"info","message":"Messages marked as read","timestamp":"2024-07-23T02:55:11.960Z","userId":1}
{"level":"info","message":"Chat message sent","timestamp":"2024-07-23T02:55:25.315Z","userId":1,"username":"manavmaj2001@gmail.com"}
{"level":"info","message":"Server running on port 3000","timestamp":"2024-07-23T03:04:07.908Z"}
{"level":"info","message":"New WebSocket connection","timestamp":"2024-07-23T03:04:08.077Z"}
{"level":"info","message":"New WebSocket connection","timestamp":"2024-07-23T03:04:08.414Z"}
{"level":"info","message":"New WebSocket connection","timestamp":"2024-07-23T03:04:09.426Z"}
{"level":"info","message":"New WebSocket connection","timestamp":"2024-07-23T03:04:09.429Z"}
{"level":"info","message":"User disconnected","timestamp":"2024-07-23T03:04:11.286Z"}
{"level":"info","message":"New WebSocket connection","timestamp":"2024-07-23T03:04:11.301Z"}
{"level":"info","message":"User joined chat","timestamp":"2024-07-23T03:04:11.304Z","userId":1,"username":"manavmaj2001@gmail.com"}
{"level":"info","message":"User disconnected","timestamp":"2024-07-23T03:04:14.965Z"}
{"level":"info","message":"New WebSocket connection","timestamp":"2024-07-23T03:04:14.980Z"}
{"level":"info","message":"Staff joined chat","timestamp":"2024-07-23T03:04:14.983Z"}
{"level":"info","message":"Chat message sent","timestamp":"2024-07-23T03:04:17.922Z","userId":1,"username":"manavmaj2001@gmail.com"}
{"level":"info","message":"Messages marked as read","timestamp":"2024-07-23T03:04:19.117Z","userId":1}
{"level":"info","message":"User disconnected","timestamp":"2024-07-23T03:04:21.367Z"}
{"level":"info","message":"User disconnected","timestamp":"2024-07-23T03:04:22.442Z"}
{"level":"info","message":"New WebSocket connection","timestamp":"2024-07-23T03:04:22.454Z"}
{"level":"info","message":"Staff joined chat","timestamp":"2024-07-23T03:04:22.457Z"}
{"level":"info","message":"Messages marked as read","timestamp":"2024-07-23T03:04:23.317Z","userId":1}
{"level":"info","message":"Staff response sent","timestamp":"2024-07-23T03:04:27.606Z","userId":1}
{"level":"info","message":"New WebSocket connection","timestamp":"2024-07-23T03:04:31.687Z"}
{"level":"info","message":"Staff joined chat","timestamp":"2024-07-23T03:04:31.695Z"}
{"level":"info","message":"Messages marked as read","timestamp":"2024-07-23T03:04:32.835Z","userId":1}
{"level":"info","message":"Messages marked as read","timestamp":"2024-07-23T03:04:33.563Z","userId":1}
{"level":"info","message":"Messages marked as read","timestamp":"2024-07-23T03:04:41.196Z","userId":1}
{"level":"info","message":"Messages marked as read","timestamp":"2024-07-23T03:04:41.769Z","userId":1}
{"level":"info","message":"Messages marked as read","timestamp":"2024-07-23T03:04:42.744Z","userId":1}
{"level":"info","message":"Messages marked as read","timestamp":"2024-07-23T03:04:43.335Z","userId":1}
{"level":"info","message":"Staff response sent","timestamp":"2024-07-23T03:04:46.801Z","userId":1}
{"level":"info","message":"Staff response sent","timestamp":"2024-07-23T03:04:49.123Z","userId":1}
{"level":"info","message":"User disconnected","timestamp":"2024-07-23T03:04:51.828Z"}
{"level":"info","message":"New WebSocket connection","timestamp":"2024-07-23T03:04:51.841Z"}
{"level":"info","message":"Staff joined chat","timestamp":"2024-07-23T03:04:51.843Z"}
{"level":"info","message":"Messages marked as read","timestamp":"2024-07-23T03:04:52.216Z","userId":1}
{"level":"info","message":"Messages marked as read","timestamp":"2024-07-23T03:04:53.941Z","userId":1}
{"level":"info","message":"User disconnected","timestamp":"2024-07-23T03:04:55.795Z"}
{"level":"info","message":"New WebSocket connection","timestamp":"2024-07-23T03:04:55.804Z"}
{"level":"info","message":"Staff joined chat","timestamp":"2024-07-23T03:04:55.807Z"}
{"level":"info","message":"Messages marked as read","timestamp":"2024-07-23T03:04:56.980Z","userId":1}
{"level":"info","message":"Messages marked as read","timestamp":"2024-07-23T03:04:58.009Z","userId":1}
{"level":"info","message":"Messages marked as read","timestamp":"2024-07-23T03:04:59.017Z","userId":1}
{"level":"info","message":"Staff response sent","timestamp":"2024-07-23T03:08:55.748Z","userId":1}
{"level":"info","message":"Messages marked as read","timestamp":"2024-07-23T03:08:57.213Z","userId":1}
{"level":"info","message":"User disconnected","timestamp":"2024-07-23T03:09:01.050Z"}
{"level":"info","message":"User disconnected","timestamp":"2024-07-23T03:09:02.290Z"}
{"level":"info","message":"Server running on port 3009","timestamp":"2024-07-23T03:21:28.317Z"}
{"level":"info","message":"User registered","timestamp":"2024-07-23T03:27:07.331Z","userId":1,"username":"a"}
{"level":"info","message":"User logged in","timestamp":"2024-07-23T03:27:11.114Z","userId":1,"username":"a"}
{"level":"info","message":"New WebSocket connection","timestamp":"2024-07-23T03:27:11.205Z"}
{"level":"info","message":"User joined chat","timestamp":"2024-07-23T03:27:11.217Z","userId":1,"username":"a"}
{"level":"info","message":"Messages marked as read","timestamp":"2024-07-23T03:27:11.229Z","userId":1}
{"level":"info","message":"New WebSocket connection","timestamp":"2024-07-23T03:27:24.013Z"}
{"level":"info","message":"Staff joined chat","timestamp":"2024-07-23T03:27:24.069Z"}
{"level":"info","message":"Chat message sent","timestamp":"2024-07-23T03:27:28.854Z","userId":1,"username":"a"}
{"level":"info","message":"Messages marked as read","timestamp":"2024-07-23T03:27:30.224Z","userId":1}
{"level":"info","message":"Chat message sent","timestamp":"2024-07-23T03:27:34.324Z","userId":1,"username":"a"}
{"level":"info","message":"Chat message sent","timestamp":"2024-07-23T03:27:39.545Z","userId":1,"username":"a"}
{"level":"info","message":"Server running on port 3009","timestamp":"2024-07-23T03:36:38.342Z"}
{"level":"info","message":"New WebSocket connection","timestamp":"2024-07-23T03:36:38.424Z"}
{"level":"info","message":"New WebSocket connection","timestamp":"2024-07-23T03:36:38.426Z"}
{"level":"info","message":"User registered","timestamp":"2024-07-23T03:36:50.698Z","userId":1,"username":"a"}
{"level":"info","message":"User logged in","timestamp":"2024-07-23T03:36:53.344Z","userId":1,"username":"a"}
{"level":"info","message":"New WebSocket connection","timestamp":"2024-07-23T03:36:53.381Z"}
{"level":"info","message":"User joined chat","timestamp":"2024-07-23T03:36:53.387Z","userId":1,"username":"a"}
{"level":"info","message":"Chat message sent","timestamp":"2024-07-23T03:36:55.148Z","userId":1,"username":"a"}
{"level":"info","message":"New WebSocket connection","timestamp":"2024-07-23T03:37:04.948Z"}
{"level":"info","message":"Staff joined chat","timestamp":"2024-07-23T03:37:04.959Z"}
{"level":"info","message":"User disconnected","timestamp":"2024-07-23T03:37:07.646Z"}
{"level":"info","message":"New WebSocket connection","timestamp":"2024-07-23T03:37:07.656Z"}
{"level":"info","message":"Staff joined chat","timestamp":"2024-07-23T03:37:07.658Z"}
{"level":"info","message":"Chat message sent","timestamp":"2024-07-23T03:37:59.231Z","userId":1,"username":"a"}
{"level":"info","message":"Messages marked as read","timestamp":"2024-07-23T03:38:00.472Z","userId":1}
{"level":"info","message":"User disconnected","timestamp":"2024-07-23T03:38:02.350Z"}
{"level":"info","message":"New WebSocket connection","timestamp":"2024-07-23T03:38:02.359Z"}
{"level":"info","message":"Staff joined chat","timestamp":"2024-07-23T03:38:02.361Z"}
{"level":"info","message":"User disconnected","timestamp":"2024-07-23T03:38:03.452Z"}
{"level":"info","message":"New WebSocket connection","timestamp":"2024-07-23T03:38:03.462Z"}
{"level":"info","message":"Staff joined chat","timestamp":"2024-07-23T03:38:03.465Z"}
{"level":"info","message":"User disconnected","timestamp":"2024-07-23T03:38:03.622Z"}
{"level":"info","message":"New WebSocket connection","timestamp":"2024-07-23T03:38:03.633Z"}
{"level":"info","message":"Staff joined chat","timestamp":"2024-07-23T03:38:03.636Z"}
{"level":"info","message":"User disconnected","timestamp":"2024-07-23T03:38:03.785Z"}
{"level":"info","message":"New WebSocket connection","timestamp":"2024-07-23T03:38:03.795Z"}
{"level":"info","message":"Staff joined chat","timestamp":"2024-07-23T03:38:03.797Z"}
{"level":"info","message":"User disconnected","timestamp":"2024-07-23T03:38:05.088Z"}
{"level":"info","message":"User disconnected","timestamp":"2024-07-23T03:38:05.925Z"}
{"level":"info","message":"New WebSocket connection","timestamp":"2024-07-23T03:38:05.934Z"}
{"level":"info","message":"Staff joined chat","timestamp":"2024-07-23T03:38:05.937Z"}
{"level":"info","message":"User disconnected","timestamp":"2024-07-23T03:38:06.083Z"}
{"level":"info","message":"New WebSocket connection","timestamp":"2024-07-23T03:38:06.092Z"}
{"level":"info","message":"Staff joined chat","timestamp":"2024-07-23T03:38:06.095Z"}
{"level":"info","message":"User disconnected","timestamp":"2024-07-23T03:38:06.783Z"}
{"level":"info","message":"New WebSocket connection","timestamp":"2024-07-23T03:38:06.829Z"}
{"level":"info","message":"Staff joined chat","timestamp":"2024-07-23T03:38:06.831Z"}
{"level":"info","message":"User disconnected","timestamp":"2024-07-23T03:38:06.976Z"}
{"level":"info","message":"New WebSocket connection","timestamp":"2024-07-23T03:38:06.997Z"}
{"level":"info","message":"Staff joined chat","timestamp":"2024-07-23T03:38:06.999Z"}
{"level":"info","message":"User disconnected","timestamp":"2024-07-23T03:38:07.138Z"}
{"level":"info","message":"New WebSocket connection","timestamp":"2024-07-23T03:38:07.157Z"}
{"level":"info","message":"Staff joined chat","timestamp":"2024-07-23T03:38:07.159Z"}
{"level":"info","message":"User disconnected","timestamp":"2024-07-23T03:38:43.994Z"}
{"error":{"expiredAt":"2024-07-23T04:27:11.000Z","message":"jwt expired","name":"TokenExpiredError"},"level":"error","message":"Invalid token","timestamp":"2024-07-23T04:28:05.430Z"}
{"error":{"expiredAt":"2024-07-23T04:27:11.000Z","message":"jwt expired","name":"TokenExpiredError"},"level":"error","message":"Invalid token","timestamp":"2024-07-23T04:29:05.413Z"}
{"error":{"expiredAt":"2024-07-23T04:27:11.000Z","message":"jwt expired","name":"TokenExpiredError"},"level":"error","message":"Invalid token","timestamp":"2024-07-23T04:30:05.431Z"}
{"error":{"expiredAt":"2024-07-23T04:27:11.000Z","message":"jwt expired","name":"TokenExpiredError"},"level":"error","message":"Invalid token","timestamp":"2024-07-23T04:31:05.415Z"}
{"error":{"expiredAt":"2024-07-23T04:27:11.000Z","message":"jwt expired","name":"TokenExpiredError"},"level":"error","message":"Invalid token","timestamp":"2024-07-23T04:32:05.416Z"}
{"error":{"expiredAt":"2024-07-23T04:27:11.000Z","message":"jwt expired","name":"TokenExpiredError"},"level":"error","message":"Invalid token","timestamp":"2024-07-23T04:33:05.426Z"}
{"error":{"expiredAt":"2024-07-23T04:27:11.000Z","message":"jwt expired","name":"TokenExpiredError"},"level":"error","message":"Invalid token","timestamp":"2024-07-23T04:34:05.427Z"}
{"error":{"expiredAt":"2024-07-23T04:27:11.000Z","message":"jwt expired","name":"TokenExpiredError"},"level":"error","message":"Invalid token","timestamp":"2024-07-23T04:35:05.419Z"}
{"error":{"expiredAt":"2024-07-23T04:27:11.000Z","message":"jwt expired","name":"TokenExpiredError"},"level":"error","message":"Invalid token","timestamp":"2024-07-23T04:36:05.419Z"}
{"error":{"expiredAt":"2024-07-23T04:27:11.000Z","message":"jwt expired","name":"TokenExpiredError"},"level":"error","message":"Invalid token","timestamp":"2024-07-23T04:37:05.415Z"}
{"error":{"expiredAt":"2024-07-23T04:27:11.000Z","message":"jwt expired","name":"TokenExpiredError"},"level":"error","message":"Invalid token","timestamp":"2024-07-23T04:38:05.420Z"}
{"error":{"expiredAt":"2024-07-23T04:27:11.000Z","message":"jwt expired","name":"TokenExpiredError"},"level":"error","message":"Invalid token","timestamp":"2024-07-23T04:39:05.414Z"}
{"error":{"expiredAt":"2024-07-23T04:27:11.000Z","message":"jwt expired","name":"TokenExpiredError"},"level":"error","message":"Invalid token","timestamp":"2024-07-23T04:40:05.414Z"}
{"error":{"expiredAt":"2024-07-23T04:27:11.000Z","message":"jwt expired","name":"TokenExpiredError"},"level":"error","message":"Invalid token","timestamp":"2024-07-23T04:41:05.430Z"}
{"error":{"expiredAt":"2024-07-23T04:27:11.000Z","message":"jwt expired","name":"TokenExpiredError"},"level":"error","message":"Invalid token","timestamp":"2024-07-23T04:42:05.428Z"}
{"error":{"expiredAt":"2024-07-23T04:27:11.000Z","message":"jwt expired","name":"TokenExpiredError"},"level":"error","message":"Invalid token","timestamp":"2024-07-23T04:43:05.422Z"}
{"error":{"expiredAt":"2024-07-23T04:27:11.000Z","message":"jwt expired","name":"TokenExpiredError"},"level":"error","message":"Invalid token","timestamp":"2024-07-23T04:44:05.427Z"}
{"error":{"expiredAt":"2024-07-23T04:27:11.000Z","message":"jwt expired","name":"TokenExpiredError"},"level":"error","message":"Invalid token","timestamp":"2024-07-23T04:45:05.412Z"}
{"error":{"expiredAt":"2024-07-23T04:27:11.000Z","message":"jwt expired","name":"TokenExpiredError"},"level":"error","message":"Invalid token","timestamp":"2024-07-23T04:46:05.427Z"}
{"error":{"expiredAt":"2024-07-23T04:27:11.000Z","message":"jwt expired","name":"TokenExpiredError"},"level":"error","message":"Invalid token","timestamp":"2024-07-23T04:47:05.418Z"}
{"error":{"expiredAt":"2024-07-23T04:27:11.000Z","message":"jwt expired","name":"TokenExpiredError"},"level":"error","message":"Invalid token","timestamp":"2024-07-23T04:48:05.421Z"}
{"error":{"expiredAt":"2024-07-23T04:27:11.000Z","message":"jwt expired","name":"TokenExpiredError"},"level":"error","message":"Invalid token","timestamp":"2024-07-23T04:49:05.416Z"}
{"error":{"expiredAt":"2024-07-23T04:27:11.000Z","message":"jwt expired","name":"TokenExpiredError"},"level":"error","message":"Invalid token","timestamp":"2024-07-23T04:50:05.417Z"}
{"error":{"expiredAt":"2024-07-23T04:27:11.000Z","message":"jwt expired","name":"TokenExpiredError"},"level":"error","message":"Invalid token","timestamp":"2024-07-23T04:51:05.419Z"}
{"error":{"expiredAt":"2024-07-23T04:27:11.000Z","message":"jwt expired","name":"TokenExpiredError"},"level":"error","message":"Invalid token","timestamp":"2024-07-23T04:52:05.425Z"}
{"error":{"expiredAt":"2024-07-23T04:27:11.000Z","message":"jwt expired","name":"TokenExpiredError"},"level":"error","message":"Invalid token","timestamp":"2024-07-23T04:53:05.422Z"}
{"error":{"expiredAt":"2024-07-23T04:27:11.000Z","message":"jwt expired","name":"TokenExpiredError"},"level":"error","message":"Invalid token","timestamp":"2024-07-23T04:54:05.416Z"}
{"error":{"expiredAt":"2024-07-23T04:27:11.000Z","message":"jwt expired","name":"TokenExpiredError"},"level":"error","message":"Invalid token","timestamp":"2024-07-23T04:55:05.419Z"}
{"error":{"expiredAt":"2024-07-23T04:27:11.000Z","message":"jwt expired","name":"TokenExpiredError"},"level":"error","message":"Invalid token","timestamp":"2024-07-23T04:56:05.432Z"}
{"error":{"expiredAt":"2024-07-23T04:27:11.000Z","message":"jwt expired","name":"TokenExpiredError"},"level":"error","message":"Invalid token","timestamp":"2024-07-23T04:57:05.423Z"}
{"error":{"expiredAt":"2024-07-23T04:27:11.000Z","message":"jwt expired","name":"TokenExpiredError"},"level":"error","message":"Invalid token","timestamp":"2024-07-23T04:58:05.423Z"}
{"error":{"expiredAt":"2024-07-23T04:27:11.000Z","message":"jwt expired","name":"TokenExpiredError"},"level":"error","message":"Invalid token","timestamp":"2024-07-23T04:59:05.421Z"}
{"error":{"expiredAt":"2024-07-23T04:27:11.000Z","message":"jwt expired","name":"TokenExpiredError"},"level":"error","message":"Invalid token","timestamp":"2024-07-23T04:59:24.019Z"}
{"error":{"expiredAt":"2024-07-23T04:27:11.000Z","message":"jwt expired","name":"TokenExpiredError"},"level":"error","message":"Invalid token","timestamp":"2024-07-23T04:59:54.414Z"}
{"error":{"expiredAt":"2024-07-23T04:27:11.000Z","message":"jwt expired","name":"TokenExpiredError"},"level":"error","message":"Invalid token","timestamp":"2024-07-23T05:00:24.422Z"}
{"error":{"expiredAt":"2024-07-23T04:27:11.000Z","message":"jwt expired","name":"TokenExpiredError"},"level":"error","message":"Invalid token","timestamp":"2024-07-23T05:00:54.417Z"}
{"error":{"expiredAt":"2024-07-23T04:27:11.000Z","message":"jwt expired","name":"TokenExpiredError"},"level":"error","message":"Invalid token","timestamp":"2024-07-23T05:01:24.426Z"}
{"error":{"expiredAt":"2024-07-23T04:27:11.000Z","message":"jwt expired","name":"TokenExpiredError"},"level":"error","message":"Invalid token","timestamp":"2024-07-23T05:01:54.415Z"}
{"error":{"expiredAt":"2024-07-23T04:27:11.000Z","message":"jwt expired","name":"TokenExpiredError"},"level":"error","message":"Invalid token","timestamp":"2024-07-23T05:02:24.421Z"}
{"error":{"expiredAt":"2024-07-23T04:27:11.000Z","message":"jwt expired","name":"TokenExpiredError"},"level":"error","message":"Invalid token","timestamp":"2024-07-23T05:03:05.428Z"}
